[2022-12-01 04:11:02.437] [seedcup2022] [debug] setup logger success
[2022-12-01 04:11:02.437] [seedcup2022] [info] create and bind socket 0.0.0.0:28676 success!
[2022-12-01 04:11:02.437] [seedcup2022] [info] EpollTcpServer Init Success.
[2022-12-01 04:11:02.437] [seedcup2022] [info] Epoll op: add, Epoll events: read.
[2022-12-01 04:11:02.437] [seedcup2022] [info] Epoll op: add, Epoll events: read.
[2022-12-01 04:11:02.438] [seedcup2022] [info] accepting connection from 127.0.0.1.
[2022-12-01 04:11:02.438] [seedcup2022] [info] Epoll op: add, Epoll events: read.
[2022-12-01 04:11:02.438] [seedcup2022] [info] accepting all connections.
[2022-12-01 04:11:02.438] [seedcup2022] [info] fd 7 recv 60 bytes, content: {"data":{"masterWeaponType":1,"slaveWeaponType":2},"type":1}
[2022-12-01 04:11:02.439] [seedgame] [debug] setup logger success
[2022-12-01 04:11:02.576] [seedcup2022] [info] accepting connection from 127.0.0.1.
[2022-12-01 04:11:02.576] [seedcup2022] [info] Epoll op: add, Epoll events: read.
[2022-12-01 04:11:02.576] [seedcup2022] [info] accepting all connections.
[2022-12-01 04:11:02.577] [seedcup2022] [info] fd 9 recv 66 bytes, content: {"type": 1, "data": {"masterWeaponType": 2, "slaveWeaponType": 2}}
[2022-12-01 04:11:02.577] [seedgame] [info] player 0 character 0 born at block [7, -1]
[2022-12-01 04:11:02.577] [seedgame] [info] player 1 character 0 born at block [1, -7]
[2022-12-01 04:11:02.637] [seedcup2022] [info] timer 5 ticks
[2022-12-01 04:11:02.637] [seedgame] [debug] [Game] refresh: frame 0
[2022-12-01 04:11:02.637] [seedgame] [info] [Game] player 0: score 0
[2022-12-01 04:11:02.637] [seedgame] [info] [Game] player 1: score 0
[2022-12-01 04:11:02.639] [seedgame] [info] [Game] player 0: score 0
[2022-12-01 04:11:02.639] [seedgame] [info] [Game] player 1: score 0
[2022-12-01 04:11:02.641] [seedcup2022] [info] fd 7 write 13617 bytes data.
[2022-12-01 04:11:02.641] [seedcup2022] [info] fd 9 write 13617 bytes data.
[2022-12-01 04:11:02.643] [seedcup2022] [info] fd 7 recv 244 bytes, content: {"data":[{"actionParam":null,"actionType":6,"characterID":0},{"actionParam":{"turnAroundDirec":2},"actionType":2,"characterID":0},{"actionParam":null,"actionType":1,"characterID":0},{"actionParam":null,"actionType":5,"characterID":0}],"type":2}
[2022-12-01 04:11:02.643] [seedgame] [debug] [Game] player 0, action: SLAVE_WEAPON, objid 0, data -1
[2022-12-01 04:11:02.643] [seedgame] [debug] [Character] player 0 character0 set slave weapon in block [7, -1]
[2022-12-01 04:11:02.643] [seedgame] [debug] [Game] player 0, action: TURN_AROUD, objid 0, data 2
[2022-12-01 04:11:02.643] [seedgame] [debug] [Game] player 0, action: MOVE, objid 0, data -1
[2022-12-01 04:11:02.643] [seedgame] [debug] [Game] player 0, action: MASTER_WEAPON, objid 0, data -1
[2022-12-01 04:11:02.643] [seedgame] [debug] [Map] player 0 attack block: [5, -2]
[2022-12-01 04:11:02.643] [seedgame] [debug] [Map] player 0 attack block: [6, -3]
[2022-12-01 04:11:02.643] [seedgame] [debug] [Map] player 0 attack block: [7, -3]
[2022-12-01 04:11:02.643] [seedgame] [debug] [Map] player 0 attack block: [8, -4]
[2022-12-01 04:11:02.643] [seedgame] [debug] [Map] player 0 attack block: [9, -4]
[2022-12-01 04:11:02.677] [seedcup2022] [info] fd 9 recv 153 bytes, content: {"type": 2, "data": [{"characterID": 0, "actionType": 2, "actionParam": {"turnAroundDirec": 5}}, {"characterID": 0, "actionType": 1, "actionParam": {}}]}
[2022-12-01 04:11:02.677] [seedgame] [debug] [Game] player 1, action: TURN_AROUD, objid 1, data 5
[2022-12-01 04:11:02.677] [seedgame] [debug] [Game] player 1, action: MOVE, objid 1, data -1
[2022-12-01 04:11:02.677] [seedcup2022] [info] fd 9 recv 153 bytes, content: {"type": 2, "data": [{"characterID": 0, "actionType": 2, "actionParam": {"turnAroundDirec": 2}}, {"characterID": 0, "actionType": 5, "actionParam": {}}]}
[2022-12-01 04:11:02.678] [seedgame] [debug] [Game] player 1, action: TURN_AROUD, objid 1, data 2
[2022-12-01 04:11:02.678] [seedgame] [debug] [Game] player 1, action: MASTER_WEAPON, objid 1, data -1
[2022-12-01 04:11:02.678] [seedgame] [debug] [Map] player 1 attack block: [1, -7]
[2022-12-01 04:11:02.678] [seedgame] [debug] [Map] player 1 attack block: [0, -7]
[2022-12-01 04:11:02.678] [seedgame] [debug] [Map] player 1 attack block: [2, -8]
[2022-12-01 04:11:02.678] [seedgame] [debug] [Map] player 1 attack block: [1, -8]
[2022-12-01 04:11:02.678] [seedgame] [debug] [Map] player 1 attack block: [0, -8]
[2022-12-01 04:11:02.678] [seedgame] [debug] [Map] player 1 attack block: [2, -9]
[2022-12-01 04:11:02.678] [seedgame] [debug] [Map] player 1 attack block: [1, -9]
[2022-12-01 04:11:02.837] [seedcup2022] [info] timer 5 ticks
[2022-12-01 04:11:02.837] [seedgame] [debug] [Game] refresh: frame 1
[2022-12-01 04:11:02.837] [seedgame] [info] [Game] player 0: score 5
[2022-12-01 04:11:02.837] [seedgame] [info] [Game] player 1: score 7
[2022-12-01 04:11:02.839] [seedgame] [info] [Game] player 0: score 5
[2022-12-01 04:11:02.839] [seedgame] [info] [Game] player 1: score 7
[2022-12-01 04:11:02.841] [seedcup2022] [info] fd 9 write 13618 bytes data.
[2022-12-01 04:11:02.841] [seedcup2022] [info] fd 7 write 13678 bytes data.
[2022-12-01 04:11:02.842] [seedcup2022] [info] fd 7 recv 192 bytes, content: {"data":[{"actionParam":{"turnAroundDirec":2},"actionType":2,"characterID":0},{"actionParam":null,"actionType":1,"characterID":0},{"actionParam":null,"actionType":5,"characterID":0}],"type":2}
[2022-12-01 04:11:02.842] [seedgame] [debug] [Game] player 0, action: TURN_AROUD, objid 0, data 2
[2022-12-01 04:11:02.842] [seedgame] [debug] [Game] player 0, action: MOVE, objid 0, data -1
[2022-12-01 04:11:02.842] [seedgame] [error] [Game] player 0, action: MOVE, objid 0, data -1 error: CD_TIME_NOT_ENOUGH
[2022-12-01 04:11:02.842] [seedgame] [debug] [Game] player 0, action: MASTER_WEAPON, objid 0, data -1
[2022-12-01 04:11:02.842] [seedgame] [error] [Game] player 0, action: MASTER_WEAPON, objid 0, data -1 error: CD_TIME_NOT_ENOUGH
[2022-12-01 04:11:02.861] [seedcup2022] [info] fd 9 recv 153 bytes, content: {"type": 2, "data": [{"characterID": 0, "actionType": 2, "actionParam": {"turnAroundDirec": 3}}, {"characterID": 0, "actionType": 6, "actionParam": {}}]}
[2022-12-01 04:11:02.861] [seedgame] [debug] [Game] player 1, action: TURN_AROUD, objid 1, data 3
[2022-12-01 04:11:02.862] [seedgame] [debug] [Game] player 1, action: SLAVE_WEAPON, objid 1, data -1
[2022-12-01 04:11:02.862] [seedgame] [debug] [Character] player 1 character0 set slave weapon in block [1, -6]
[2022-12-01 04:11:03.037] [seedcup2022] [info] timer 5 ticks
[2022-12-01 04:11:03.037] [seedgame] [debug] [Game] refresh: frame 2
[2022-12-01 04:11:03.037] [seedgame] [info] [Game] player 0: score 5
[2022-12-01 04:11:03.037] [seedgame] [info] [Game] player 1: score 7
[2022-12-01 04:11:03.039] [seedgame] [info] [Game] player 0: score 5
[2022-12-01 04:11:03.039] [seedgame] [info] [Game] player 1: score 7
[2022-12-01 04:11:03.041] [seedcup2022] [info] fd 7 write 13679 bytes data.
[2022-12-01 04:11:03.042] [seedcup2022] [info] fd 9 write 13670 bytes data.
[2022-12-01 04:11:03.044] [seedcup2022] [info] fd 7 recv 192 bytes, content: {"data":[{"actionParam":{"turnAroundDirec":2},"actionType":2,"characterID":0},{"actionParam":null,"actionType":1,"characterID":0},{"actionParam":null,"actionType":5,"characterID":0}],"type":2}
[2022-12-01 04:11:03.044] [seedgame] [debug] [Game] player 0, action: TURN_AROUD, objid 0, data 2
[2022-12-01 04:11:03.044] [seedgame] [debug] [Game] player 0, action: MOVE, objid 0, data -1
[2022-12-01 04:11:03.044] [seedgame] [error] [Game] player 0, action: MOVE, objid 0, data -1 error: CD_TIME_NOT_ENOUGH
[2022-12-01 04:11:03.044] [seedgame] [debug] [Game] player 0, action: MASTER_WEAPON, objid 0, data -1
[2022-12-01 04:11:03.044] [seedgame] [error] [Game] player 0, action: MASTER_WEAPON, objid 0, data -1 error: CD_TIME_NOT_ENOUGH
[2022-12-01 04:11:03.237] [seedcup2022] [info] timer 5 ticks
[2022-12-01 04:11:03.237] [seedgame] [debug] [Game] refresh: frame 3
[2022-12-01 04:11:03.237] [seedgame] [info] [Game] player 0: score 5
[2022-12-01 04:11:03.237] [seedgame] [info] [Game] player 1: score 7
[2022-12-01 04:11:03.239] [seedgame] [info] [Game] player 0: score 5
[2022-12-01 04:11:03.239] [seedgame] [info] [Game] player 1: score 7
[2022-12-01 04:11:03.241] [seedcup2022] [info] fd 7 write 13679 bytes data.
[2022-12-01 04:11:03.241] [seedcup2022] [info] fd 9 write 13670 bytes data.
[2022-12-01 04:11:03.284] [seedcup2022] [info] fd 7 recv 192 bytes, content: {"data":[{"actionParam":{"turnAroundDirec":2},"actionType":2,"characterID":0},{"actionParam":null,"actionType":1,"characterID":0},{"actionParam":null,"actionType":5,"characterID":0}],"type":2}
[2022-12-01 04:11:03.284] [seedgame] [debug] [Game] player 0, action: TURN_AROUD, objid 0, data 2
[2022-12-01 04:11:03.284] [seedgame] [debug] [Game] player 0, action: MOVE, objid 0, data -1
[2022-12-01 04:11:03.284] [seedgame] [error] [Game] player 0, action: MOVE, objid 0, data -1 error: CD_TIME_NOT_ENOUGH
[2022-12-01 04:11:03.284] [seedgame] [debug] [Game] player 0, action: MASTER_WEAPON, objid 0, data -1
[2022-12-01 04:11:03.284] [seedgame] [debug] [Map] player 0 attack block: [5, -2]
[2022-12-01 04:11:03.284] [seedgame] [debug] [Map] player 0 attack block: [6, -3]
[2022-12-01 04:11:03.284] [seedgame] [debug] [Map] player 0 attack block: [7, -3]
[2022-12-01 04:11:03.284] [seedgame] [debug] [Map] player 0 attack block: [8, -4]
[2022-12-01 04:11:03.284] [seedgame] [debug] [Map] player 0 attack block: [9, -4]
[2022-12-01 04:11:03.437] [seedcup2022] [info] timer 5 ticks
[2022-12-01 04:11:03.437] [seedgame] [debug] [Game] refresh: frame 4
[2022-12-01 04:11:03.437] [seedgame] [info] [Game] player 0: score 5
[2022-12-01 04:11:03.437] [seedgame] [info] [Game] player 1: score 7
[2022-12-01 04:11:03.439] [seedgame] [info] [Game] player 0: score 5
[2022-12-01 04:11:03.439] [seedgame] [info] [Game] player 1: score 7
[2022-12-01 04:11:03.441] [seedcup2022] [info] fd 7 write 13679 bytes data.
[2022-12-01 04:11:03.441] [seedcup2022] [info] fd 9 write 13670 bytes data.
[2022-12-01 04:11:03.442] [seedcup2022] [info] fd 7 recv 192 bytes, content: {"data":[{"actionParam":{"turnAroundDirec":2},"actionType":2,"characterID":0},{"actionParam":null,"actionType":1,"characterID":0},{"actionParam":null,"actionType":5,"characterID":0}],"type":2}
[2022-12-01 04:11:03.442] [seedgame] [debug] [Game] player 0, action: TURN_AROUD, objid 0, data 2
[2022-12-01 04:11:03.442] [seedgame] [debug] [Game] player 0, action: MOVE, objid 0, data -1
[2022-12-01 04:11:03.442] [seedgame] [debug] [Game] player 0, action: MASTER_WEAPON, objid 0, data -1
[2022-12-01 04:11:03.442] [seedgame] [error] [Game] player 0, action: MASTER_WEAPON, objid 0, data -1 error: CD_TIME_NOT_ENOUGH
[2022-12-01 04:11:03.471] [seedcup2022] [info] fd 9 recv 153 bytes, content: {"type": 2, "data": [{"characterID": 0, "actionType": 2, "actionParam": {"turnAroundDirec": 5}}, {"characterID": 0, "actionType": 1, "actionParam": {}}]}
[2022-12-01 04:11:03.471] [seedgame] [debug] [Game] player 1, action: TURN_AROUD, objid 1, data 5
[2022-12-01 04:11:03.471] [seedgame] [debug] [Game] player 1, action: MOVE, objid 1, data -1
[2022-12-01 04:11:03.637] [seedcup2022] [info] timer 5 ticks
[2022-12-01 04:11:03.637] [seedgame] [debug] [Game] refresh: frame 5
[2022-12-01 04:11:03.637] [seedgame] [info] [Game] player 0: score 5
[2022-12-01 04:11:03.637] [seedgame] [info] [Game] player 1: score 7
[2022-12-01 04:11:03.639] [seedgame] [info] [Game] player 0: score 5
[2022-12-01 04:11:03.639] [seedgame] [info] [Game] player 1: score 7
[2022-12-01 04:11:03.641] [seedcup2022] [info] fd 7 write 13679 bytes data.
[2022-12-01 04:11:03.641] [seedcup2022] [info] fd 9 write 13679 bytes data.
[2022-12-01 04:11:03.642] [seedcup2022] [info] fd 7 recv 192 bytes, content: {"data":[{"actionParam":{"turnAroundDirec":2},"actionType":2,"characterID":0},{"actionParam":null,"actionType":1,"characterID":0},{"actionParam":null,"actionType":5,"characterID":0}],"type":2}
[2022-12-01 04:11:03.642] [seedgame] [debug] [Game] player 0, action: TURN_AROUD, objid 0, data 2
[2022-12-01 04:11:03.642] [seedgame] [debug] [Game] player 0, action: MOVE, objid 0, data -1
[2022-12-01 04:11:03.642] [seedgame] [error] [Game] player 0, action: MOVE, objid 0, data -1 error: CD_TIME_NOT_ENOUGH
[2022-12-01 04:11:03.642] [seedgame] [debug] [Game] player 0, action: MASTER_WEAPON, objid 0, data -1
[2022-12-01 04:11:03.642] [seedgame] [error] [Game] player 0, action: MASTER_WEAPON, objid 0, data -1 error: CD_TIME_NOT_ENOUGH
[2022-12-01 04:11:03.700] [seedcup2022] [info] fd 9 recv 153 bytes, content: {"type": 2, "data": [{"characterID": 0, "actionType": 2, "actionParam": {"turnAroundDirec": 3}}, {"characterID": 0, "actionType": 5, "actionParam": {}}]}
[2022-12-01 04:11:03.700] [seedgame] [debug] [Game] player 1, action: TURN_AROUD, objid 1, data 3
[2022-12-01 04:11:03.700] [seedgame] [debug] [Game] player 1, action: MASTER_WEAPON, objid 1, data -1
[2022-12-01 04:11:03.700] [seedgame] [debug] [Map] player 1 attack block: [2, -6]
[2022-12-01 04:11:03.700] [seedgame] [debug] [Map] player 1 attack block: [2, -7]
[2022-12-01 04:11:03.700] [seedgame] [debug] [Map] player 1 attack block: [3, -6]
[2022-12-01 04:11:03.700] [seedgame] [debug] [Map] player 1 attack block: [3, -7]
[2022-12-01 04:11:03.700] [seedgame] [debug] [Map] player 1 attack block: [3, -8]
[2022-12-01 04:11:03.700] [seedgame] [debug] [Map] player 1 attack block: [4, -7]
[2022-12-01 04:11:03.700] [seedgame] [debug] [Map] player 1 attack block: [4, -8]
[2022-12-01 04:11:03.837] [seedcup2022] [info] timer 5 ticks
[2022-12-01 04:11:03.837] [seedgame] [debug] [Game] refresh: frame 6
[2022-12-01 04:11:03.837] [seedgame] [info] [Game] player 0: score 5
[2022-12-01 04:11:03.837] [seedgame] [info] [Game] player 1: score 14
[2022-12-01 04:11:03.839] [seedgame] [info] [Game] player 0: score 5
[2022-12-01 04:11:03.839] [seedgame] [info] [Game] player 1: score 14
[2022-12-01 04:11:03.841] [seedcup2022] [info] fd 9 write 13677 bytes data.
[2022-12-01 04:11:03.841] [seedcup2022] [info] fd 7 write 13676 bytes data.
[2022-12-01 04:11:03.884] [seedcup2022] [info] fd 7 recv 192 bytes, content: {"data":[{"actionParam":{"turnAroundDirec":2},"actionType":2,"characterID":0},{"actionParam":null,"actionType":1,"characterID":0},{"actionParam":null,"actionType":5,"characterID":0}],"type":2}
[2022-12-01 04:11:03.884] [seedgame] [debug] [Game] player 0, action: TURN_AROUD, objid 0, data 2
[2022-12-01 04:11:03.884] [seedgame] [debug] [Game] player 0, action: MOVE, objid 0, data -1
[2022-12-01 04:11:03.884] [seedgame] [error] [Game] player 0, action: MOVE, objid 0, data -1 error: CD_TIME_NOT_ENOUGH
[2022-12-01 04:11:03.884] [seedgame] [debug] [Game] player 0, action: MASTER_WEAPON, objid 0, data -1
[2022-12-01 04:11:03.884] [seedgame] [debug] [Map] player 0 attack block: [5, -3]
[2022-12-01 04:11:03.884] [seedgame] [debug] [Map] player 0 attack block: [6, -4]
[2022-12-01 04:11:03.884] [seedgame] [debug] [Map] player 0 attack block: [7, -4]
[2022-12-01 04:11:03.884] [seedgame] [debug] [Map] player 0 attack block: [8, -5]
[2022-12-01 04:11:03.884] [seedgame] [debug] [Map] player 0 attack block: [9, -5]
[2022-12-01 04:11:04.037] [seedcup2022] [info] timer 5 ticks
[2022-12-01 04:11:04.037] [seedgame] [debug] [Game] refresh: frame 7
[2022-12-01 04:11:04.037] [seedgame] [info] [Game] player 0: score 10
[2022-12-01 04:11:04.037] [seedgame] [info] [Game] player 1: score 14
[2022-12-01 04:11:04.039] [seedgame] [info] [Game] player 0: score 10
[2022-12-01 04:11:04.039] [seedgame] [info] [Game] player 1: score 14
[2022-12-01 04:11:04.041] [seedcup2022] [info] fd 9 write 13677 bytes data.
[2022-12-01 04:11:04.041] [seedcup2022] [info] fd 7 write 13677 bytes data.
[2022-12-01 04:11:04.042] [seedcup2022] [info] fd 7 recv 192 bytes, content: {"data":[{"actionParam":{"turnAroundDirec":2},"actionType":2,"characterID":0},{"actionParam":null,"actionType":1,"characterID":0},{"actionParam":null,"actionType":5,"characterID":0}],"type":2}
[2022-12-01 04:11:04.042] [seedgame] [debug] [Game] player 0, action: TURN_AROUD, objid 0, data 2
[2022-12-01 04:11:04.042] [seedgame] [debug] [Game] player 0, action: MOVE, objid 0, data -1
[2022-12-01 04:11:04.042] [seedgame] [error] [Game] player 0, action: MOVE, objid 0, data -1 error: CD_TIME_NOT_ENOUGH
[2022-12-01 04:11:04.042] [seedgame] [debug] [Game] player 0, action: MASTER_WEAPON, objid 0, data -1
[2022-12-01 04:11:04.042] [seedgame] [error] [Game] player 0, action: MASTER_WEAPON, objid 0, data -1 error: CD_TIME_NOT_ENOUGH
[2022-12-01 04:11:04.237] [seedcup2022] [info] timer 5 ticks
[2022-12-01 04:11:04.237] [seedgame] [debug] [Game] refresh: frame 8
[2022-12-01 04:11:04.237] [seedgame] [info] [Game] player 0: score 10
[2022-12-01 04:11:04.237] [seedgame] [info] [Game] player 1: score 14
[2022-12-01 04:11:04.240] [seedgame] [info] [Game] player 0: score 10
[2022-12-01 04:11:04.240] [seedgame] [info] [Game] player 1: score 14
[2022-12-01 04:11:04.242] [seedcup2022] [info] fd 7 write 13677 bytes data.
[2022-12-01 04:11:04.242] [seedcup2022] [info] fd 9 write 13677 bytes data.
[2022-12-01 04:11:04.243] [seedcup2022] [info] fd 7 recv 192 bytes, content: {"data":[{"actionParam":{"turnAroundDirec":2},"actionType":2,"characterID":0},{"actionParam":null,"actionType":1,"characterID":0},{"actionParam":null,"actionType":5,"characterID":0}],"type":2}
[2022-12-01 04:11:04.243] [seedgame] [debug] [Game] player 0, action: TURN_AROUD, objid 0, data 2
[2022-12-01 04:11:04.243] [seedgame] [debug] [Game] player 0, action: MOVE, objid 0, data -1
[2022-12-01 04:11:04.243] [seedgame] [debug] [Game] player 0, action: MASTER_WEAPON, objid 0, data -1
[2022-12-01 04:11:04.243] [seedgame] [error] [Game] player 0, action: MASTER_WEAPON, objid 0, data -1 error: CD_TIME_NOT_ENOUGH
[2022-12-01 04:11:04.272] [seedcup2022] [info] fd 9 recv 153 bytes, content: {"type": 2, "data": [{"characterID": 0, "actionType": 2, "actionParam": {"turnAroundDirec": 5}}, {"characterID": 0, "actionType": 1, "actionParam": {}}]}
[2022-12-01 04:11:04.272] [seedgame] [debug] [Game] player 1, action: TURN_AROUD, objid 1, data 5
[2022-12-01 04:11:04.272] [seedgame] [debug] [Game] player 1, action: MOVE, objid 1, data -1
[2022-12-01 04:11:04.437] [seedcup2022] [info] timer 5 ticks
[2022-12-01 04:11:04.437] [seedgame] [debug] [Game] refresh: frame 9
[2022-12-01 04:11:04.437] [seedgame] [info] [Game] player 0: score 10
[2022-12-01 04:11:04.437] [seedgame] [info] [Game] player 1: score 14
[2022-12-01 04:11:04.439] [seedgame] [info] [Game] player 0: score 10
[2022-12-01 04:11:04.439] [seedgame] [info] [Game] player 1: score 14
[2022-12-01 04:11:04.441] [seedcup2022] [info] fd 7 write 13677 bytes data.
[2022-12-01 04:11:04.441] [seedcup2022] [info] fd 9 write 13677 bytes data.
[2022-12-01 04:11:04.484] [seedcup2022] [info] fd 7 recv 192 bytes, content: {"data":[{"actionParam":{"turnAroundDirec":2},"actionType":2,"characterID":0},{"actionParam":null,"actionType":1,"characterID":0},{"actionParam":null,"actionType":5,"characterID":0}],"type":2}
[2022-12-01 04:11:04.484] [seedgame] [debug] [Game] player 0, action: TURN_AROUD, objid 0, data 2
[2022-12-01 04:11:04.484] [seedgame] [debug] [Game] player 0, action: MOVE, objid 0, data -1
[2022-12-01 04:11:04.484] [seedgame] [error] [Game] player 0, action: MOVE, objid 0, data -1 error: CD_TIME_NOT_ENOUGH
[2022-12-01 04:11:04.484] [seedgame] [debug] [Game] player 0, action: MASTER_WEAPON, objid 0, data -1
[2022-12-01 04:11:04.484] [seedgame] [debug] [Map] player 0 attack block: [5, -4]
[2022-12-01 04:11:04.484] [seedgame] [debug] [Map] player 0 attack block: [6, -5]
[2022-12-01 04:11:04.484] [seedgame] [debug] [Map] player 0 attack block: [7, -5]
[2022-12-01 04:11:04.484] [seedgame] [debug] [Map] player 0 attack block: [8, -6]
[2022-12-01 04:11:04.484] [seedgame] [debug] [Map] player 0 attack block: [9, -6]
[2022-12-01 04:11:04.637] [seedcup2022] [info] timer 5 ticks
[2022-12-01 04:11:04.637] [seedgame] [debug] [Game] refresh: frame 10
[2022-12-01 04:11:04.637] [seedgame] [info] [Game] player 0: score 15
[2022-12-01 04:11:04.637] [seedgame] [info] [Game] player 1: score 14
[2022-12-01 04:11:04.639] [seedgame] [info] [Game] player 0: score 15
[2022-12-01 04:11:04.639] [seedgame] [info] [Game] player 1: score 14
[2022-12-01 04:11:04.641] [seedcup2022] [info] fd 9 write 13868 bytes data.
[2022-12-01 04:11:04.641] [seedcup2022] [info] fd 7 write 13868 bytes data.
[2022-12-01 04:11:04.642] [seedcup2022] [info] fd 7 recv 192 bytes, content: {"data":[{"actionParam":{"turnAroundDirec":2},"actionType":2,"characterID":0},{"actionParam":null,"actionType":1,"characterID":0},{"actionParam":null,"actionType":5,"characterID":0}],"type":2}
[2022-12-01 04:11:04.642] [seedgame] [debug] [Game] player 0, action: TURN_AROUD, objid 0, data 2
[2022-12-01 04:11:04.642] [seedgame] [debug] [Game] player 0, action: MOVE, objid 0, data -1
[2022-12-01 04:11:04.642] [seedgame] [error] [Game] player 0, action: MOVE, objid 0, data -1 error: CD_TIME_NOT_ENOUGH
[2022-12-01 04:11:04.642] [seedgame] [debug] [Game] player 0, action: MASTER_WEAPON, objid 0, data -1
[2022-12-01 04:11:04.642] [seedgame] [error] [Game] player 0, action: MASTER_WEAPON, objid 0, data -1 error: CD_TIME_NOT_ENOUGH
[2022-12-01 04:11:04.662] [seedcup2022] [info] fd 9 recv 153 bytes, content: {"type": 2, "data": [{"characterID": 0, "actionType": 2, "actionParam": {"turnAroundDirec": 4}}, {"characterID": 0, "actionType": 5, "actionParam": {}}]}
[2022-12-01 04:11:04.662] [seedgame] [debug] [Game] player 1, action: TURN_AROUD, objid 1, data 4
[2022-12-01 04:11:04.662] [seedgame] [debug] [Game] player 1, action: MASTER_WEAPON, objid 1, data -1
[2022-12-01 04:11:04.662] [seedgame] [debug] [Map] player 1 attack block: [2, -4]
[2022-12-01 04:11:04.662] [seedgame] [debug] [Map] player 1 attack block: [3, -5]
[2022-12-01 04:11:04.662] [seedgame] [debug] [Map] player 1 attack block: [2, -3]
[2022-12-01 04:11:04.662] [seedgame] [debug] [Map] player 1 attack block: [3, -4]
[2022-12-01 04:11:04.662] [seedgame] [debug] [Map] player 1 attack block: [4, -5]
[2022-12-01 04:11:04.662] [seedgame] [debug] [Map] player 1 attack block: [3, -3]
[2022-12-01 04:11:04.662] [seedgame] [debug] [Map] player 1 attack block: [4, -4]
[2022-12-01 04:11:04.837] [seedcup2022] [info] timer 5 ticks
[2022-12-01 04:11:04.837] [seedgame] [debug] [Game] refresh: frame 11
[2022-12-01 04:11:04.838] [seedgame] [info] [Game] player 0: score 15
[2022-12-01 04:11:04.838] [seedgame] [info] [Game] player 1: score 21
[2022-12-01 04:11:04.839] [seedgame] [info] [Game] player 0: score 15
[2022-12-01 04:11:04.839] [seedgame] [info] [Game] player 1: score 21
[2022-12-01 04:11:04.841] [seedcup2022] [info] fd 7 write 13868 bytes data.
[2022-12-01 04:11:04.841] [seedcup2022] [info] fd 9 write 13868 bytes data.
[2022-12-01 04:11:04.842] [seedcup2022] [info] fd 7 recv 192 bytes, content: {"data":[{"actionParam":{"turnAroundDirec":2},"actionType":2,"characterID":0},{"actionParam":null,"actionType":1,"characterID":0},{"actionParam":null,"actionType":5,"characterID":0}],"type":2}
[2022-12-01 04:11:04.842] [seedgame] [debug] [Game] player 0, action: TURN_AROUD, objid 0, data 2
[2022-12-01 04:11:04.842] [seedgame] [debug] [Game] player 0, action: MOVE, objid 0, data -1
[2022-12-01 04:11:04.842] [seedgame] [error] [Game] player 0, action: MOVE, objid 0, data -1 error: CD_TIME_NOT_ENOUGH
[2022-12-01 04:11:04.842] [seedgame] [debug] [Game] player 0, action: MASTER_WEAPON, objid 0, data -1
[2022-12-01 04:11:04.842] [seedgame] [error] [Game] player 0, action: MASTER_WEAPON, objid 0, data -1 error: CD_TIME_NOT_ENOUGH
[2022-12-01 04:11:05.037] [seedcup2022] [info] timer 5 ticks
[2022-12-01 04:11:05.037] [seedgame] [debug] [Game] refresh: frame 12
[2022-12-01 04:11:05.037] [seedgame] [info] [Game] player 0: score 15
[2022-12-01 04:11:05.037] [seedgame] [info] [Game] player 1: score 21
[2022-12-01 04:11:05.039] [seedgame] [info] [Game] player 0: score 15
[2022-12-01 04:11:05.039] [seedgame] [info] [Game] player 1: score 21
[2022-12-01 04:11:05.041] [seedcup2022] [info] fd 9 write 13868 bytes data.
[2022-12-01 04:11:05.041] [seedcup2022] [info] fd 7 write 13868 bytes data.
[2022-12-01 04:11:05.072] [seedcup2022] [info] fd 9 recv 77 bytes, content: {"type": 2, "data": [{"characterID": 0, "actionType": 1, "actionParam": {}}]}
[2022-12-01 04:11:05.072] [seedgame] [debug] [Game] player 1, action: MOVE, objid 1, data -1
[2022-12-01 04:11:05.084] [seedcup2022] [info] fd 7 recv 192 bytes, content: {"data":[{"actionParam":{"turnAroundDirec":2},"actionType":2,"characterID":0},{"actionParam":null,"actionType":1,"characterID":0},{"actionParam":null,"actionType":5,"characterID":0}],"type":2}
[2022-12-01 04:11:05.084] [seedgame] [debug] [Game] player 0, action: TURN_AROUD, objid 0, data 2
[2022-12-01 04:11:05.084] [seedgame] [debug] [Game] player 0, action: MOVE, objid 0, data -1
[2022-12-01 04:11:05.084] [seedgame] [debug] [Game] player 0, action: MASTER_WEAPON, objid 0, data -1
[2022-12-01 04:11:05.084] [seedgame] [debug] [Map] player 0 attack block: [5, -5]
[2022-12-01 04:11:05.084] [seedgame] [debug] [Map] player 0 attack block: [6, -6]
[2022-12-01 04:11:05.084] [seedgame] [debug] [Map] player 0 attack block: [7, -6]
[2022-12-01 04:11:05.084] [seedgame] [debug] [Map] player 0 attack block: [8, -7]
[2022-12-01 04:11:05.084] [seedgame] [debug] [Map] player 0 attack block: [9, -7]
[2022-12-01 04:11:05.237] [seedcup2022] [info] timer 5 ticks
[2022-12-01 04:11:05.237] [seedgame] [debug] [Game] refresh: frame 13
[2022-12-01 04:11:05.237] [seedgame] [info] [Game] player 0: score 20
[2022-12-01 04:11:05.237] [seedgame] [info] [Game] player 1: score 21
[2022-12-01 04:11:05.239] [seedgame] [info] [Game] player 0: score 20
[2022-12-01 04:11:05.239] [seedgame] [info] [Game] player 1: score 21
[2022-12-01 04:11:05.241] [seedcup2022] [info] fd 7 write 13868 bytes data.
[2022-12-01 04:11:05.241] [seedcup2022] [info] fd 9 write 13868 bytes data.
[2022-12-01 04:11:05.242] [seedcup2022] [info] fd 7 recv 192 bytes, content: {"data":[{"actionParam":{"turnAroundDirec":2},"actionType":2,"characterID":0},{"actionParam":null,"actionType":1,"characterID":0},{"actionParam":null,"actionType":5,"characterID":0}],"type":2}
[2022-12-01 04:11:05.242] [seedgame] [debug] [Game] player 0, action: TURN_AROUD, objid 0, data 2
[2022-12-01 04:11:05.242] [seedgame] [debug] [Game] player 0, action: MOVE, objid 0, data -1
[2022-12-01 04:11:05.242] [seedgame] [error] [Game] player 0, action: MOVE, objid 0, data -1 error: CD_TIME_NOT_ENOUGH
[2022-12-01 04:11:05.242] [seedgame] [debug] [Game] player 0, action: MASTER_WEAPON, objid 0, data -1
[2022-12-01 04:11:05.242] [seedgame] [error] [Game] player 0, action: MASTER_WEAPON, objid 0, data -1 error: CD_TIME_NOT_ENOUGH
[2022-12-01 04:11:05.437] [seedcup2022] [info] timer 5 ticks
[2022-12-01 04:11:05.437] [seedgame] [debug] [Game] refresh: frame 14
[2022-12-01 04:11:05.437] [seedgame] [info] [Game] player 0: score 20
[2022-12-01 04:11:05.437] [seedgame] [info] [Game] player 1: score 21
[2022-12-01 04:11:05.439] [seedgame] [info] [Game] player 0: score 20
[2022-12-01 04:11:05.439] [seedgame] [info] [Game] player 1: score 21
[2022-12-01 04:11:05.441] [seedcup2022] [info] fd 7 write 13868 bytes data.
[2022-12-01 04:11:05.441] [seedcup2022] [info] fd 9 write 13868 bytes data.
[2022-12-01 04:11:05.442] [seedcup2022] [info] fd 7 recv 192 bytes, content: {"data":[{"actionParam":{"turnAroundDirec":2},"actionType":2,"characterID":0},{"actionParam":null,"actionType":1,"characterID":0},{"actionParam":null,"actionType":5,"characterID":0}],"type":2}
[2022-12-01 04:11:05.442] [seedgame] [debug] [Game] player 0, action: TURN_AROUD, objid 0, data 2
[2022-12-01 04:11:05.442] [seedgame] [debug] [Game] player 0, action: MOVE, objid 0, data -1
[2022-12-01 04:11:05.442] [seedgame] [error] [Game] player 0, action: MOVE, objid 0, data -1 error: CD_TIME_NOT_ENOUGH
[2022-12-01 04:11:05.442] [seedgame] [debug] [Game] player 0, action: MASTER_WEAPON, objid 0, data -1
[2022-12-01 04:11:05.442] [seedgame] [error] [Game] player 0, action: MASTER_WEAPON, objid 0, data -1 error: CD_TIME_NOT_ENOUGH
[2022-12-01 04:11:05.638] [seedcup2022] [info] timer 5 ticks
[2022-12-01 04:11:05.638] [seedgame] [debug] [Game] refresh: frame 15
[2022-12-01 04:11:05.638] [seedgame] [info] [Game] player 0: score 20
[2022-12-01 04:11:05.638] [seedgame] [info] [Game] player 1: score 21
[2022-12-01 04:11:05.640] [seedgame] [info] [Game] player 0: score 20
[2022-12-01 04:11:05.640] [seedgame] [info] [Game] player 1: score 21
[2022-12-01 04:11:05.641] [seedcup2022] [info] fd 9 write 13871 bytes data.
[2022-12-01 04:11:05.641] [seedcup2022] [info] fd 7 write 13871 bytes data.
[2022-12-01 04:11:05.659] [seedcup2022] [info] fd 9 recv 153 bytes, content: {"type": 2, "data": [{"characterID": 0, "actionType": 2, "actionParam": {"turnAroundDirec": 0}}, {"characterID": 0, "actionType": 5, "actionParam": {}}]}
[2022-12-01 04:11:05.659] [seedgame] [debug] [Game] player 1, action: TURN_AROUD, objid 1, data 0
[2022-12-01 04:11:05.659] [seedgame] [debug] [Game] player 1, action: MASTER_WEAPON, objid 1, data -1
[2022-12-01 04:11:05.659] [seedgame] [debug] [Map] player 1 attack block: [1, -3]
[2022-12-01 04:11:05.659] [seedgame] [debug] [Map] player 1 attack block: [1, -2]
[2022-12-01 04:11:05.659] [seedgame] [debug] [Map] player 1 attack block: [0, -3]
[2022-12-01 04:11:05.659] [seedgame] [debug] [Map] player 1 attack block: [0, -2]
[2022-12-01 04:11:05.659] [seedgame] [debug] [Map] player 1 attack block: [0, -1]
[2022-12-01 04:11:05.685] [seedcup2022] [info] fd 7 recv 192 bytes, content: {"data":[{"actionParam":{"turnAroundDirec":2},"actionType":2,"characterID":0},{"actionParam":null,"actionType":1,"characterID":0},{"actionParam":null,"actionType":5,"characterID":0}],"type":2}
[2022-12-01 04:11:05.685] [seedgame] [debug] [Game] player 0, action: TURN_AROUD, objid 0, data 2
[2022-12-01 04:11:05.685] [seedgame] [debug] [Game] player 0, action: MOVE, objid 0, data -1
[2022-12-01 04:11:05.685] [seedgame] [error] [Game] player 0, action: MOVE, objid 0, data -1 error: CD_TIME_NOT_ENOUGH
[2022-12-01 04:11:05.685] [seedgame] [debug] [Game] player 0, action: MASTER_WEAPON, objid 0, data -1
[2022-12-01 04:11:05.685] [seedgame] [debug] [Map] player 0 attack block: [5, -5]
[2022-12-01 04:11:05.685] [seedgame] [debug] [Map] player 0 attack block: [6, -6]
[2022-12-01 04:11:05.685] [seedgame] [debug] [Map] player 0 attack block: [7, -6]
[2022-12-01 04:11:05.685] [seedgame] [debug] [Map] player 0 attack block: [8, -7]
[2022-12-01 04:11:05.685] [seedgame] [debug] [Map] player 0 attack block: [9, -7]
[2022-12-01 04:11:05.837] [seedcup2022] [info] timer 5 ticks
[2022-12-01 04:11:05.837] [seedgame] [debug] [Game] refresh: frame 16
[2022-12-01 04:11:05.837] [seedgame] [info] [Game] player 0: score 20
[2022-12-01 04:11:05.837] [seedgame] [info] [Game] player 1: score 26
[2022-12-01 04:11:05.839] [seedgame] [info] [Game] player 0: score 20
[2022-12-01 04:11:05.839] [seedgame] [info] [Game] player 1: score 26
[2022-12-01 04:11:05.841] [seedcup2022] [info] fd 9 write 13871 bytes data.
[2022-12-01 04:11:05.841] [seedcup2022] [info] fd 7 write 13871 bytes data.
[2022-12-01 04:11:05.842] [seedcup2022] [info] fd 7 recv 192 bytes, content: {"data":[{"actionParam":{"turnAroundDirec":2},"actionType":2,"characterID":0},{"actionParam":null,"actionType":1,"characterID":0},{"actionParam":null,"actionType":5,"characterID":0}],"type":2}
[2022-12-01 04:11:05.842] [seedgame] [debug] [Game] player 0, action: TURN_AROUD, objid 0, data 2
[2022-12-01 04:11:05.842] [seedgame] [debug] [Game] player 0, action: MOVE, objid 0, data -1
[2022-12-01 04:11:05.842] [seedgame] [debug] [Game] player 0, action: MASTER_WEAPON, objid 0, data -1
[2022-12-01 04:11:05.842] [seedgame] [error] [Game] player 0, action: MASTER_WEAPON, objid 0, data -1 error: CD_TIME_NOT_ENOUGH
[2022-12-01 04:11:05.875] [seedcup2022] [info] fd 9 recv 153 bytes, content: {"type": 2, "data": [{"characterID": 0, "actionType": 2, "actionParam": {"turnAroundDirec": 4}}, {"characterID": 0, "actionType": 1, "actionParam": {}}]}
[2022-12-01 04:11:05.875] [seedgame] [debug] [Game] player 1, action: TURN_AROUD, objid 1, data 4
[2022-12-01 04:11:05.875] [seedgame] [debug] [Game] player 1, action: MOVE, objid 1, data -1
[2022-12-01 04:11:06.037] [seedcup2022] [info] timer 5 ticks
[2022-12-01 04:11:06.037] [seedgame] [debug] [Game] refresh: frame 17
[2022-12-01 04:11:06.037] [seedgame] [info] [Game] player 0: score 20
[2022-12-01 04:11:06.037] [seedgame] [info] [Game] player 1: score 26
[2022-12-01 04:11:06.039] [seedgame] [info] [Game] player 0: score 20
[2022-12-01 04:11:06.039] [seedgame] [info] [Game] player 1: score 26
[2022-12-01 04:11:06.041] [seedcup2022] [info] fd 9 write 13871 bytes data.
[2022-12-01 04:11:06.041] [seedcup2022] [info] fd 7 write 13871 bytes data.
[2022-12-01 04:11:06.042] [seedcup2022] [info] fd 7 recv 192 bytes, content: {"data":[{"actionParam":{"turnAroundDirec":2},"actionType":2,"characterID":0},{"actionParam":null,"actionType":1,"characterID":0},{"actionParam":null,"actionType":5,"characterID":0}],"type":2}
[2022-12-01 04:11:06.042] [seedgame] [debug] [Game] player 0, action: TURN_AROUD, objid 0, data 2
[2022-12-01 04:11:06.042] [seedgame] [debug] [Game] player 0, action: MOVE, objid 0, data -1
[2022-12-01 04:11:06.042] [seedgame] [error] [Game] player 0, action: MOVE, objid 0, data -1 error: CD_TIME_NOT_ENOUGH
[2022-12-01 04:11:06.042] [seedgame] [debug] [Game] player 0, action: MASTER_WEAPON, objid 0, data -1
[2022-12-01 04:11:06.042] [seedgame] [error] [Game] player 0, action: MASTER_WEAPON, objid 0, data -1 error: CD_TIME_NOT_ENOUGH
[2022-12-01 04:11:06.237] [seedcup2022] [info] timer 5 ticks
[2022-12-01 04:11:06.237] [seedgame] [debug] [Game] refresh: frame 18
[2022-12-01 04:11:06.237] [seedgame] [info] [Game] player 0: score 20
[2022-12-01 04:11:06.237] [seedgame] [info] [Game] player 1: score 26
[2022-12-01 04:11:06.239] [seedgame] [info] [Game] player 0: score 20
[2022-12-01 04:11:06.239] [seedgame] [info] [Game] player 1: score 26
[2022-12-01 04:11:06.241] [seedcup2022] [info] fd 9 write 13871 bytes data.
[2022-12-01 04:11:06.241] [seedcup2022] [info] fd 7 write 13871 bytes data.
[2022-12-01 04:11:06.284] [seedcup2022] [info] fd 7 recv 192 bytes, content: {"data":[{"actionParam":{"turnAroundDirec":2},"actionType":2,"characterID":0},{"actionParam":null,"actionType":1,"characterID":0},{"actionParam":null,"actionType":5,"characterID":0}],"type":2}
[2022-12-01 04:11:06.284] [seedgame] [debug] [Game] player 0, action: TURN_AROUD, objid 0, data 2
[2022-12-01 04:11:06.284] [seedgame] [debug] [Game] player 0, action: MOVE, objid 0, data -1
[2022-12-01 04:11:06.284] [seedgame] [error] [Game] player 0, action: MOVE, objid 0, data -1 error: CD_TIME_NOT_ENOUGH
[2022-12-01 04:11:06.284] [seedgame] [debug] [Game] player 0, action: MASTER_WEAPON, objid 0, data -1
[2022-12-01 04:11:06.284] [seedgame] [debug] [Map] player 0 attack block: [5, -6]
[2022-12-01 04:11:06.284] [seedgame] [debug] [Map] player 0 attack block: [6, -7]
[2022-12-01 04:11:06.284] [seedgame] [debug] [Map] player 0 attack block: [7, -7]
[2022-12-01 04:11:06.284] [seedgame] [debug] [Map] player 0 attack block: [8, -8]
[2022-12-01 04:11:06.284] [seedgame] [debug] [Map] player 0 attack block: [9, -8]
[2022-12-01 04:11:06.437] [seedcup2022] [info] timer 5 ticks
[2022-12-01 04:11:06.437] [seedgame] [debug] [Game] refresh: frame 19
[2022-12-01 04:11:06.437] [seedgame] [info] generate speed buff in block [7, -6]
[2022-12-01 04:11:06.437] [seedgame] [info] [Game] player 0: score 25
[2022-12-01 04:11:06.437] [seedgame] [info] [Game] player 1: score 26
[2022-12-01 04:11:06.439] [seedgame] [info] [Game] player 0: score 25
[2022-12-01 04:11:06.439] [seedgame] [info] [Game] player 1: score 26
[2022-12-01 04:11:06.441] [seedcup2022] [info] fd 9 write 13871 bytes data.
[2022-12-01 04:11:06.441] [seedcup2022] [info] fd 7 write 13871 bytes data.
[2022-12-01 04:11:06.442] [seedcup2022] [info] fd 7 recv 192 bytes, content: {"data":[{"actionParam":{"turnAroundDirec":2},"actionType":2,"characterID":0},{"actionParam":null,"actionType":1,"characterID":0},{"actionParam":null,"actionType":5,"characterID":0}],"type":2}
[2022-12-01 04:11:06.442] [seedgame] [debug] [Game] player 0, action: TURN_AROUD, objid 0, data 2
[2022-12-01 04:11:06.442] [seedgame] [debug] [Game] player 0, action: MOVE, objid 0, data -1
[2022-12-01 04:11:06.442] [seedgame] [debug] [Game] player 0, action: MASTER_WEAPON, objid 0, data -1
[2022-12-01 04:11:06.442] [seedgame] [error] [Game] player 0, action: MASTER_WEAPON, objid 0, data -1 error: CD_TIME_NOT_ENOUGH
[2022-12-01 04:11:06.637] [seedcup2022] [info] timer 5 ticks
[2022-12-01 04:11:06.637] [seedgame] [debug] [Game] refresh: frame 20
[2022-12-01 04:11:06.637] [seedgame] [info] [Game] player 0: score 25
[2022-12-01 04:11:06.637] [seedgame] [info] [Game] player 1: score 26
[2022-12-01 04:11:06.639] [seedgame] [info] [Game] player 0: score 25
[2022-12-01 04:11:06.639] [seedgame] [info] [Game] player 1: score 26
[2022-12-01 04:11:06.641] [seedcup2022] [info] fd 7 write 13871 bytes data.
[2022-12-01 04:11:06.641] [seedcup2022] [info] fd 9 write 13871 bytes data.
[2022-12-01 04:11:06.642] [seedcup2022] [info] fd 7 recv 192 bytes, content: {"data":[{"actionParam":{"turnAroundDirec":2},"actionType":2,"characterID":0},{"actionParam":null,"actionType":1,"characterID":0},{"actionParam":null,"actionType":5,"characterID":0}],"type":2}
[2022-12-01 04:11:06.642] [seedgame] [debug] [Game] player 0, action: TURN_AROUD, objid 0, data 2
[2022-12-01 04:11:06.642] [seedgame] [debug] [Game] player 0, action: MOVE, objid 0, data -1
[2022-12-01 04:11:06.642] [seedgame] [error] [Game] player 0, action: MOVE, objid 0, data -1 error: CD_TIME_NOT_ENOUGH
[2022-12-01 04:11:06.642] [seedgame] [debug] [Game] player 0, action: MASTER_WEAPON, objid 0, data -1
[2022-12-01 04:11:06.642] [seedgame] [error] [Game] player 0, action: MASTER_WEAPON, objid 0, data -1 error: CD_TIME_NOT_ENOUGH
[2022-12-01 04:11:06.675] [seedcup2022] [info] fd 9 recv 77 bytes, content: {"type": 2, "data": [{"characterID": 0, "actionType": 1, "actionParam": {}}]}
[2022-12-01 04:11:06.675] [seedgame] [debug] [Game] player 1, action: MOVE, objid 1, data -1
[2022-12-01 04:11:06.847] [seedcup2022] [info] timer 5 ticks
[2022-12-01 04:11:06.847] [seedgame] [debug] [Game] refresh: frame 21
[2022-12-01 04:11:06.847] [seedgame] [info] [Game] player 0: score 25
[2022-12-01 04:11:06.847] [seedgame] [info] [Game] player 1: score 26
[2022-12-01 04:11:06.847] [seedgame] [info] [Game] player 0: score 25
[2022-12-01 04:11:06.847] [seedgame] [info] [Game] player 1: score 26
[2022-12-01 04:11:06.848] [seedcup2022] [info] fd 9 write 13871 bytes data.
[2022-12-01 04:11:06.848] [seedcup2022] [info] fd 7 write 13871 bytes data.
[2022-12-01 04:11:06.863] [seedcup2022] [info] fd 9 recv 153 bytes, content: {"type": 2, "data": [{"characterID": 0, "actionType": 2, "actionParam": {"turnAroundDirec": 3}}, {"characterID": 0, "actionType": 5, "actionParam": {}}]}
[2022-12-01 04:11:06.863] [seedgame] [debug] [Game] player 1, action: TURN_AROUD, objid 1, data 3
[2022-12-01 04:11:06.863] [seedgame] [debug] [Game] player 1, action: MASTER_WEAPON, objid 1, data -1
[2022-12-01 04:11:06.863] [seedgame] [debug] [Map] player 1 attack block: [5, -5]
[2022-12-01 04:11:06.863] [seedgame] [debug] [Map] player 1 attack block: [5, -6]
[2022-12-01 04:11:06.863] [seedgame] [debug] [Map] player 1 attack block: [6, -5]
[2022-12-01 04:11:06.863] [seedgame] [debug] [Map] player 1 attack block: [6, -6]
[2022-12-01 04:11:06.863] [seedgame] [debug] [Map] player 1 attack block: [6, -7]
[2022-12-01 04:11:06.863] [seedgame] [debug] [Map] player 1 attack block: [7, -6]
[2022-12-01 04:11:06.863] [seedgame] [debug] [Map] player 1 attack block: [7, -7]
[2022-12-01 04:11:06.891] [seedcup2022] [info] fd 7 recv 192 bytes, content: {"data":[{"actionParam":{"turnAroundDirec":2},"actionType":2,"characterID":0},{"actionParam":null,"actionType":1,"characterID":0},{"actionParam":null,"actionType":5,"characterID":0}],"type":2}
[2022-12-01 04:11:06.891] [seedgame] [debug] [Game] player 0, action: TURN_AROUD, objid 0, data 2
[2022-12-01 04:11:06.891] [seedgame] [debug] [Game] player 0, action: MOVE, objid 0, data -1
[2022-12-01 04:11:06.891] [seedgame] [error] [Game] player 0, action: MOVE, objid 0, data -1 error: CD_TIME_NOT_ENOUGH
[2022-12-01 04:11:06.891] [seedgame] [debug] [Game] player 0, action: MASTER_WEAPON, objid 0, data -1
[2022-12-01 04:11:06.891] [seedgame] [debug] [Map] player 0 attack block: [5, -7]
[2022-12-01 04:11:06.891] [seedgame] [debug] [Map] player 0 attack block: [6, -8]
[2022-12-01 04:11:06.891] [seedgame] [debug] [Map] player 0 attack block: [7, -8]
[2022-12-01 04:11:06.891] [seedgame] [debug] [Map] player 0 attack block: [8, -9]
[2022-12-01 04:11:06.891] [seedgame] [debug] [Map] player 0 attack block: [9, -9]
[2022-12-01 04:11:07.051] [seedcup2022] [info] timer 5 ticks
[2022-12-01 04:11:07.051] [seedgame] [debug] [Game] refresh: frame 22
[2022-12-01 04:11:07.051] [seedgame] [info] [Game] player 0: score 23
[2022-12-01 04:11:07.051] [seedgame] [info] [Game] player 1: score 33
[2022-12-01 04:11:07.052] [seedgame] [info] [Game] player 0: score 23
[2022-12-01 04:11:07.052] [seedgame] [info] [Game] player 1: score 33
[2022-12-01 04:11:07.053] [seedcup2022] [info] fd 7 write 13869 bytes data.
[2022-12-01 04:11:07.053] [seedcup2022] [info] fd 9 write 13870 bytes data.
[2022-12-01 04:11:07.053] [seedcup2022] [info] fd 7 recv 192 bytes, content: {"data":[{"actionParam":{"turnAroundDirec":2},"actionType":2,"characterID":0},{"actionParam":null,"actionType":1,"characterID":0},{"actionParam":null,"actionType":5,"characterID":0}],"type":2}
[2022-12-01 04:11:07.053] [seedgame] [debug] [Game] player 0, action: TURN_AROUD, objid 0, data 2
[2022-12-01 04:11:07.054] [seedgame] [debug] [Game] player 0, action: MOVE, objid 0, data -1
[2022-12-01 04:11:07.054] [seedgame] [debug] [Game] player 0, action: MASTER_WEAPON, objid 0, data -1
[2022-12-01 04:11:07.054] [seedgame] [error] [Game] player 0, action: MASTER_WEAPON, objid 0, data -1 error: CD_TIME_NOT_ENOUGH
[2022-12-01 04:11:07.240] [seedcup2022] [info] timer 5 ticks
[2022-12-01 04:11:07.240] [seedgame] [debug] [Game] refresh: frame 23
[2022-12-01 04:11:07.240] [seedgame] [info] [Game] player 0: score 23
[2022-12-01 04:11:07.240] [seedgame] [info] [Game] player 1: score 33
[2022-12-01 04:11:07.242] [seedgame] [info] [Game] player 0: score 23
[2022-12-01 04:11:07.242] [seedgame] [info] [Game] player 1: score 33
[2022-12-01 04:11:07.243] [seedcup2022] [info] fd 7 write 13869 bytes data.
[2022-12-01 04:11:07.243] [seedcup2022] [info] fd 9 write 13870 bytes data.
[2022-12-01 04:11:07.244] [seedcup2022] [info] fd 7 recv 192 bytes, content: {"data":[{"actionParam":{"turnAroundDirec":1},"actionType":2,"characterID":0},{"actionParam":null,"actionType":1,"characterID":0},{"actionParam":null,"actionType":5,"characterID":0}],"type":2}
[2022-12-01 04:11:07.244] [seedgame] [debug] [Game] player 0, action: TURN_AROUD, objid 0, data 1
[2022-12-01 04:11:07.244] [seedgame] [debug] [Game] player 0, action: MOVE, objid 0, data -1
[2022-12-01 04:11:07.244] [seedgame] [error] [Game] player 0, action: MOVE, objid 0, data -1 error: CD_TIME_NOT_ENOUGH
[2022-12-01 04:11:07.244] [seedgame] [debug] [Game] player 0, action: MASTER_WEAPON, objid 0, data -1
[2022-12-01 04:11:07.244] [seedgame] [error] [Game] player 0, action: MASTER_WEAPON, objid 0, data -1 error: CD_TIME_NOT_ENOUGH
[2022-12-01 04:11:07.437] [seedcup2022] [info] timer 5 ticks
[2022-12-01 04:11:07.437] [seedgame] [debug] [Game] refresh: frame 24
[2022-12-01 04:11:07.437] [seedgame] [info] [Game] player 0: score 23
[2022-12-01 04:11:07.437] [seedgame] [info] [Game] player 1: score 33
[2022-12-01 04:11:07.438] [seedgame] [info] [Game] player 0: score 23
[2022-12-01 04:11:07.438] [seedgame] [info] [Game] player 1: score 33
[2022-12-01 04:11:07.440] [seedcup2022] [info] fd 9 write 13870 bytes data.
[2022-12-01 04:11:07.440] [seedcup2022] [info] fd 7 write 13869 bytes data.
[2022-12-01 04:11:07.469] [seedcup2022] [info] fd 9 recv 77 bytes, content: {"type": 2, "data": [{"characterID": 0, "actionType": 1, "actionParam": {}}]}
[2022-12-01 04:11:07.469] [seedgame] [debug] [Game] player 1, action: MOVE, objid 1, data -1
[2022-12-01 04:11:07.484] [seedcup2022] [info] fd 7 recv 192 bytes, content: {"data":[{"actionParam":{"turnAroundDirec":1},"actionType":2,"characterID":0},{"actionParam":null,"actionType":1,"characterID":0},{"actionParam":null,"actionType":5,"characterID":0}],"type":2}
[2022-12-01 04:11:07.484] [seedgame] [debug] [Game] player 0, action: TURN_AROUD, objid 0, data 1
[2022-12-01 04:11:07.484] [seedgame] [debug] [Game] player 0, action: MOVE, objid 0, data -1
[2022-12-01 04:11:07.484] [seedgame] [error] [Game] player 0, action: MOVE, objid 0, data -1 error: CD_TIME_NOT_ENOUGH
[2022-12-01 04:11:07.484] [seedgame] [debug] [Game] player 0, action: MASTER_WEAPON, objid 0, data -1
[2022-12-01 04:11:07.484] [seedgame] [debug] [Map] player 0 attack block: [5, -6]
[2022-12-01 04:11:07.484] [seedgame] [debug] [Map] player 0 attack block: [5, -7]
[2022-12-01 04:11:07.484] [seedgame] [debug] [Map] player 0 attack block: [6, -8]
[2022-12-01 04:11:07.484] [seedgame] [debug] [Map] player 0 attack block: [6, -9]
[2022-12-01 04:11:07.484] [seedgame] [debug] [Map] player 0 attack block: [7, -10]
[2022-12-01 04:11:07.637] [seedcup2022] [info] timer 5 ticks
[2022-12-01 04:11:07.637] [seedgame] [debug] [Game] refresh: frame 25
[2022-12-01 04:11:07.637] [seedgame] [info] [Game] player 0: score 26
[2022-12-01 04:11:07.637] [seedgame] [info] [Game] player 1: score 32
[2022-12-01 04:11:07.639] [seedgame] [info] [Game] player 0: score 26
[2022-12-01 04:11:07.639] [seedgame] [info] [Game] player 1: score 32
[2022-12-01 04:11:07.641] [seedcup2022] [info] fd 9 write 13870 bytes data.
[2022-12-01 04:11:07.641] [seedcup2022] [info] fd 7 write 13869 bytes data.
[2022-12-01 04:11:07.642] [seedcup2022] [info] fd 7 recv 192 bytes, content: {"data":[{"actionParam":{"turnAroundDirec":1},"actionType":2,"characterID":0},{"actionParam":null,"actionType":1,"characterID":0},{"actionParam":null,"actionType":5,"characterID":0}],"type":2}
[2022-12-01 04:11:07.642] [seedgame] [debug] [Game] player 0, action: TURN_AROUD, objid 0, data 1
[2022-12-01 04:11:07.642] [seedgame] [debug] [Game] player 0, action: MOVE, objid 0, data -1
[2022-12-01 04:11:07.642] [seedgame] [debug] [Game] player 0, action: MASTER_WEAPON, objid 0, data -1
[2022-12-01 04:11:07.642] [seedgame] [error] [Game] player 0, action: MASTER_WEAPON, objid 0, data -1 error: CD_TIME_NOT_ENOUGH
[2022-12-01 04:11:07.837] [seedcup2022] [info] timer 5 ticks
[2022-12-01 04:11:07.837] [seedgame] [debug] [Game] refresh: frame 26
[2022-12-01 04:11:07.837] [seedgame] [info] [Game] player 0: score 26
[2022-12-01 04:11:07.837] [seedgame] [info] [Game] player 1: score 32
[2022-12-01 04:11:07.839] [seedgame] [info] [Game] player 0: score 26
[2022-12-01 04:11:07.839] [seedgame] [info] [Game] player 1: score 32
[2022-12-01 04:11:07.841] [seedcup2022] [info] fd 9 write 13870 bytes data.
[2022-12-01 04:11:07.841] [seedcup2022] [info] fd 7 write 13869 bytes data.
[2022-12-01 04:11:07.841] [seedcup2022] [info] fd 7 recv 192 bytes, content: {"data":[{"actionParam":{"turnAroundDirec":1},"actionType":2,"characterID":0},{"actionParam":null,"actionType":1,"characterID":0},{"actionParam":null,"actionType":5,"characterID":0}],"type":2}
[2022-12-01 04:11:07.841] [seedgame] [debug] [Game] player 0, action: TURN_AROUD, objid 0, data 1
[2022-12-01 04:11:07.842] [seedgame] [debug] [Game] player 0, action: MOVE, objid 0, data -1
[2022-12-01 04:11:07.842] [seedgame] [error] [Game] player 0, action: MOVE, objid 0, data -1 error: CD_TIME_NOT_ENOUGH
[2022-12-01 04:11:07.842] [seedgame] [debug] [Game] player 0, action: MASTER_WEAPON, objid 0, data -1
[2022-12-01 04:11:07.842] [seedgame] [error] [Game] player 0, action: MASTER_WEAPON, objid 0, data -1 error: CD_TIME_NOT_ENOUGH
[2022-12-01 04:11:07.852] [seedcup2022] [info] fd 9 recv 153 bytes, content: {"type": 2, "data": [{"characterID": 0, "actionType": 2, "actionParam": {"turnAroundDirec": 2}}, {"characterID": 0, "actionType": 5, "actionParam": {}}]}
[2022-12-01 04:11:07.852] [seedgame] [debug] [Game] player 1, action: TURN_AROUD, objid 1, data 2
[2022-12-01 04:11:07.852] [seedgame] [debug] [Game] player 1, action: MASTER_WEAPON, objid 1, data -1
[2022-12-01 04:11:07.852] [seedgame] [debug] [Map] player 1 attack block: [5, -6]
[2022-12-01 04:11:07.852] [seedgame] [debug] [Map] player 1 attack block: [4, -6]
[2022-12-01 04:11:07.852] [seedgame] [debug] [Map] player 1 attack block: [6, -7]
[2022-12-01 04:11:07.852] [seedgame] [debug] [Map] player 1 attack block: [5, -7]
[2022-12-01 04:11:07.852] [seedgame] [debug] [Map] player 1 attack block: [4, -7]
[2022-12-01 04:11:07.852] [seedgame] [debug] [Map] player 1 attack block: [6, -8]
[2022-12-01 04:11:07.852] [seedgame] [info] player 0 character 0 death at block [6, -8]
[2022-12-01 04:11:07.852] [seedgame] [debug] [Map] player 1 attack block: [5, -8]
[2022-12-01 04:11:08.037] [seedcup2022] [info] timer 5 ticks
[2022-12-01 04:11:08.037] [seedgame] [debug] [Game] refresh: frame 27
[2022-12-01 04:11:08.037] [seedgame] [info] [Game] player 0: score 23
[2022-12-01 04:11:08.037] [seedgame] [info] [Game] player 1: score 37
[2022-12-01 04:11:08.038] [seedgame] [info] [Game] player 0: score 23
[2022-12-01 04:11:08.038] [seedgame] [info] [Game] player 1: score 37
[2022-12-01 04:11:08.039] [seedcup2022] [info] fd 7 write 13871 bytes data.
[2022-12-01 04:11:08.039] [seedcup2022] [info] fd 9 write 13871 bytes data.
[2022-12-01 04:11:08.084] [seedcup2022] [info] fd 7 recv 192 bytes, content: {"data":[{"actionParam":{"turnAroundDirec":1},"actionType":2,"characterID":0},{"actionParam":null,"actionType":1,"characterID":0},{"actionParam":null,"actionType":5,"characterID":0}],"type":2}
[2022-12-01 04:11:08.084] [seedgame] [debug] [Game] player 0, action: TURN_AROUD, objid 0, data 1
[2022-12-01 04:11:08.084] [seedgame] [error] [Game] player 0, action: TURN_AROUD, objid 0, data 1 error: CHARACTER_DEAD
[2022-12-01 04:11:08.084] [seedgame] [debug] [Game] player 0, action: MOVE, objid 0, data -1
[2022-12-01 04:11:08.084] [seedgame] [error] [Game] player 0, action: MOVE, objid 0, data -1 error: CHARACTER_DEAD
[2022-12-01 04:11:08.084] [seedgame] [debug] [Game] player 0, action: MASTER_WEAPON, objid 0, data -1
[2022-12-01 04:11:08.084] [seedgame] [error] [Game] player 0, action: MASTER_WEAPON, objid 0, data -1 error: CHARACTER_DEAD
[2022-12-01 04:11:08.237] [seedcup2022] [info] timer 5 ticks
[2022-12-01 04:11:08.237] [seedgame] [debug] [Game] refresh: frame 28
[2022-12-01 04:11:08.237] [seedgame] [info] [Game] player 0: score 23
[2022-12-01 04:11:08.237] [seedgame] [info] [Game] player 1: score 37
[2022-12-01 04:11:08.239] [seedgame] [info] [Game] player 0: score 23
[2022-12-01 04:11:08.239] [seedgame] [info] [Game] player 1: score 37
[2022-12-01 04:11:08.241] [seedcup2022] [info] fd 7 write 13871 bytes data.
[2022-12-01 04:11:08.241] [seedcup2022] [info] fd 9 write 13871 bytes data.
[2022-12-01 04:11:08.242] [seedcup2022] [info] fd 7 recv 192 bytes, content: {"data":[{"actionParam":{"turnAroundDirec":1},"actionType":2,"characterID":0},{"actionParam":null,"actionType":1,"characterID":0},{"actionParam":null,"actionType":5,"characterID":0}],"type":2}
[2022-12-01 04:11:08.242] [seedgame] [debug] [Game] player 0, action: TURN_AROUD, objid 0, data 1
[2022-12-01 04:11:08.242] [seedgame] [error] [Game] player 0, action: TURN_AROUD, objid 0, data 1 error: CHARACTER_DEAD
[2022-12-01 04:11:08.242] [seedgame] [debug] [Game] player 0, action: MOVE, objid 0, data -1
[2022-12-01 04:11:08.242] [seedgame] [error] [Game] player 0, action: MOVE, objid 0, data -1 error: CHARACTER_DEAD
[2022-12-01 04:11:08.242] [seedgame] [debug] [Game] player 0, action: MASTER_WEAPON, objid 0, data -1
[2022-12-01 04:11:08.242] [seedgame] [error] [Game] player 0, action: MASTER_WEAPON, objid 0, data -1 error: CHARACTER_DEAD
[2022-12-01 04:11:08.267] [seedcup2022] [info] fd 9 recv 153 bytes, content: {"type": 2, "data": [{"characterID": 0, "actionType": 2, "actionParam": {"turnAroundDirec": 3}}, {"characterID": 0, "actionType": 1, "actionParam": {}}]}
[2022-12-01 04:11:08.268] [seedgame] [debug] [Game] player 1, action: TURN_AROUD, objid 1, data 3
[2022-12-01 04:11:08.268] [seedgame] [debug] [Game] player 1, action: MOVE, objid 1, data -1
[2022-12-01 04:11:08.437] [seedcup2022] [info] timer 5 ticks
[2022-12-01 04:11:08.437] [seedgame] [debug] [Game] refresh: frame 29
[2022-12-01 04:11:08.437] [seedgame] [info] [Game] player 0: score 23
[2022-12-01 04:11:08.437] [seedgame] [info] [Game] player 1: score 37
[2022-12-01 04:11:08.439] [seedgame] [info] [Game] player 0: score 23
[2022-12-01 04:11:08.439] [seedgame] [info] [Game] player 1: score 37
[2022-12-01 04:11:08.441] [seedcup2022] [info] fd 7 write 13871 bytes data.
[2022-12-01 04:11:08.441] [seedcup2022] [info] fd 9 write 13871 bytes data.
[2022-12-01 04:11:08.443] [seedcup2022] [info] fd 7 recv 192 bytes, content: {"data":[{"actionParam":{"turnAroundDirec":1},"actionType":2,"characterID":0},{"actionParam":null,"actionType":1,"characterID":0},{"actionParam":null,"actionType":5,"characterID":0}],"type":2}
[2022-12-01 04:11:08.443] [seedgame] [debug] [Game] player 0, action: TURN_AROUD, objid 0, data 1
[2022-12-01 04:11:08.443] [seedgame] [error] [Game] player 0, action: TURN_AROUD, objid 0, data 1 error: CHARACTER_DEAD
[2022-12-01 04:11:08.443] [seedgame] [debug] [Game] player 0, action: MOVE, objid 0, data -1
[2022-12-01 04:11:08.443] [seedgame] [error] [Game] player 0, action: MOVE, objid 0, data -1 error: CHARACTER_DEAD
[2022-12-01 04:11:08.443] [seedgame] [debug] [Game] player 0, action: MASTER_WEAPON, objid 0, data -1
[2022-12-01 04:11:08.443] [seedgame] [error] [Game] player 0, action: MASTER_WEAPON, objid 0, data -1 error: CHARACTER_DEAD
[2022-12-01 04:11:08.637] [seedcup2022] [info] timer 5 ticks
[2022-12-01 04:11:08.637] [seedgame] [debug] [Game] refresh: frame 30
[2022-12-01 04:11:08.637] [seedgame] [info] [Game] player 0: score 23
[2022-12-01 04:11:08.637] [seedgame] [info] [Game] player 1: score 37
[2022-12-01 04:11:08.640] [seedgame] [info] [Game] player 0: score 23
[2022-12-01 04:11:08.640] [seedgame] [info] [Game] player 1: score 37
[2022-12-01 04:11:08.642] [seedcup2022] [info] fd 7 write 13871 bytes data.
[2022-12-01 04:11:08.642] [seedcup2022] [info] fd 9 write 13871 bytes data.
[2022-12-01 04:11:08.684] [seedcup2022] [info] fd 7 recv 192 bytes, content: {"data":[{"actionParam":{"turnAroundDirec":1},"actionType":2,"characterID":0},{"actionParam":null,"actionType":1,"characterID":0},{"actionParam":null,"actionType":5,"characterID":0}],"type":2}
[2022-12-01 04:11:08.684] [seedgame] [debug] [Game] player 0, action: TURN_AROUD, objid 0, data 1
[2022-12-01 04:11:08.684] [seedgame] [error] [Game] player 0, action: TURN_AROUD, objid 0, data 1 error: CHARACTER_DEAD
[2022-12-01 04:11:08.684] [seedgame] [debug] [Game] player 0, action: MOVE, objid 0, data -1
[2022-12-01 04:11:08.684] [seedgame] [error] [Game] player 0, action: MOVE, objid 0, data -1 error: CHARACTER_DEAD
[2022-12-01 04:11:08.684] [seedgame] [debug] [Game] player 0, action: MASTER_WEAPON, objid 0, data -1
[2022-12-01 04:11:08.684] [seedgame] [error] [Game] player 0, action: MASTER_WEAPON, objid 0, data -1 error: CHARACTER_DEAD
[2022-12-01 04:11:08.837] [seedcup2022] [info] timer 5 ticks
[2022-12-01 04:11:08.837] [seedgame] [debug] [Game] refresh: frame 31
[2022-12-01 04:11:08.837] [seedgame] [info] [Game] player 0: score 23
[2022-12-01 04:11:08.837] [seedgame] [info] [Game] player 1: score 37
[2022-12-01 04:11:08.839] [seedgame] [info] [Game] player 0: score 23
[2022-12-01 04:11:08.839] [seedgame] [info] [Game] player 1: score 37
[2022-12-01 04:11:08.841] [seedcup2022] [info] fd 9 write 13871 bytes data.
[2022-12-01 04:11:08.841] [seedcup2022] [info] fd 7 write 13871 bytes data.
[2022-12-01 04:11:08.842] [seedcup2022] [info] fd 7 recv 192 bytes, content: {"data":[{"actionParam":{"turnAroundDirec":1},"actionType":2,"characterID":0},{"actionParam":null,"actionType":1,"characterID":0},{"actionParam":null,"actionType":5,"characterID":0}],"type":2}
[2022-12-01 04:11:08.842] [seedgame] [debug] [Game] player 0, action: TURN_AROUD, objid 0, data 1
[2022-12-01 04:11:08.842] [seedgame] [error] [Game] player 0, action: TURN_AROUD, objid 0, data 1 error: CHARACTER_DEAD
[2022-12-01 04:11:08.842] [seedgame] [debug] [Game] player 0, action: MOVE, objid 0, data -1
[2022-12-01 04:11:08.842] [seedgame] [error] [Game] player 0, action: MOVE, objid 0, data -1 error: CHARACTER_DEAD
[2022-12-01 04:11:08.842] [seedgame] [debug] [Game] player 0, action: MASTER_WEAPON, objid 0, data -1
[2022-12-01 04:11:08.842] [seedgame] [error] [Game] player 0, action: MASTER_WEAPON, objid 0, data -1 error: CHARACTER_DEAD
[2022-12-01 04:11:08.861] [seedcup2022] [info] fd 9 recv 77 bytes, content: {"type": 2, "data": [{"characterID": 0, "actionType": 5, "actionParam": {}}]}
[2022-12-01 04:11:08.861] [seedgame] [debug] [Game] player 1, action: MASTER_WEAPON, objid 1, data -1
[2022-12-01 04:11:08.861] [seedgame] [debug] [Map] player 1 attack block: [7, -7]
[2022-12-01 04:11:08.861] [seedgame] [debug] [Map] player 1 attack block: [7, -8]
[2022-12-01 04:11:08.861] [seedgame] [debug] [Map] player 1 attack block: [8, -7]
[2022-12-01 04:11:08.861] [seedgame] [debug] [Map] player 1 attack block: [8, -8]
[2022-12-01 04:11:08.861] [seedgame] [debug] [Map] player 1 attack block: [8, -9]
[2022-12-01 04:11:08.861] [seedgame] [debug] [Map] player 1 attack block: [9, -8]
[2022-12-01 04:11:08.861] [seedgame] [debug] [Map] player 1 attack block: [9, -9]
[2022-12-01 04:11:09.037] [seedcup2022] [info] timer 5 ticks
[2022-12-01 04:11:09.037] [seedgame] [debug] [Game] refresh: frame 32
[2022-12-01 04:11:09.037] [seedgame] [info] [Game] player 0: score 17
[2022-12-01 04:11:09.037] [seedgame] [info] [Game] player 1: score 43
[2022-12-01 04:11:09.039] [seedgame] [info] [Game] player 0: score 17
[2022-12-01 04:11:09.039] [seedgame] [info] [Game] player 1: score 43
[2022-12-01 04:11:09.041] [seedcup2022] [info] fd 9 write 13871 bytes data.
[2022-12-01 04:11:09.041] [seedcup2022] [info] fd 7 write 13871 bytes data.
[2022-12-01 04:11:09.042] [seedcup2022] [info] fd 7 recv 192 bytes, content: {"data":[{"actionParam":{"turnAroundDirec":1},"actionType":2,"characterID":0},{"actionParam":null,"actionType":1,"characterID":0},{"actionParam":null,"actionType":5,"characterID":0}],"type":2}
[2022-12-01 04:11:09.042] [seedgame] [debug] [Game] player 0, action: TURN_AROUD, objid 0, data 1
[2022-12-01 04:11:09.042] [seedgame] [error] [Game] player 0, action: TURN_AROUD, objid 0, data 1 error: CHARACTER_DEAD
[2022-12-01 04:11:09.042] [seedgame] [debug] [Game] player 0, action: MOVE, objid 0, data -1
[2022-12-01 04:11:09.042] [seedgame] [error] [Game] player 0, action: MOVE, objid 0, data -1 error: CHARACTER_DEAD
[2022-12-01 04:11:09.042] [seedgame] [debug] [Game] player 0, action: MASTER_WEAPON, objid 0, data -1
[2022-12-01 04:11:09.042] [seedgame] [error] [Game] player 0, action: MASTER_WEAPON, objid 0, data -1 error: CHARACTER_DEAD
[2022-12-01 04:11:09.108] [seedcup2022] [info] fd 9 recv 77 bytes, content: {"type": 2, "data": [{"characterID": 0, "actionType": 1, "actionParam": {}}]}
[2022-12-01 04:11:09.108] [seedgame] [debug] [Game] player 1, action: MOVE, objid 1, data -1
[2022-12-01 04:11:09.237] [seedcup2022] [info] timer 5 ticks
[2022-12-01 04:11:09.237] [seedgame] [debug] [Game] refresh: frame 33
[2022-12-01 04:11:09.237] [seedgame] [info] [Game] player 0: score 17
[2022-12-01 04:11:09.237] [seedgame] [info] [Game] player 1: score 43
[2022-12-01 04:11:09.239] [seedgame] [info] [Game] player 0: score 17
[2022-12-01 04:11:09.239] [seedgame] [info] [Game] player 1: score 43
[2022-12-01 04:11:09.241] [seedcup2022] [info] fd 9 write 13871 bytes data.
[2022-12-01 04:11:09.241] [seedcup2022] [info] fd 7 write 13871 bytes data.
[2022-12-01 04:11:09.284] [seedcup2022] [info] fd 7 recv 192 bytes, content: {"data":[{"actionParam":{"turnAroundDirec":0},"actionType":2,"characterID":0},{"actionParam":null,"actionType":1,"characterID":0},{"actionParam":null,"actionType":5,"characterID":0}],"type":2}
[2022-12-01 04:11:09.284] [seedgame] [debug] [Game] player 0, action: TURN_AROUD, objid 0, data 0
[2022-12-01 04:11:09.284] [seedgame] [error] [Game] player 0, action: TURN_AROUD, objid 0, data 0 error: CHARACTER_DEAD
[2022-12-01 04:11:09.284] [seedgame] [debug] [Game] player 0, action: MOVE, objid 0, data -1
[2022-12-01 04:11:09.284] [seedgame] [error] [Game] player 0, action: MOVE, objid 0, data -1 error: CHARACTER_DEAD
[2022-12-01 04:11:09.284] [seedgame] [debug] [Game] player 0, action: MASTER_WEAPON, objid 0, data -1
[2022-12-01 04:11:09.284] [seedgame] [error] [Game] player 0, action: MASTER_WEAPON, objid 0, data -1 error: CHARACTER_DEAD
[2022-12-01 04:11:09.437] [seedcup2022] [info] timer 5 ticks
[2022-12-01 04:11:09.437] [seedgame] [debug] [Game] refresh: frame 34
[2022-12-01 04:11:09.437] [seedgame] [info] [Game] player 0: score 17
[2022-12-01 04:11:09.437] [seedgame] [info] [Game] player 1: score 43
[2022-12-01 04:11:09.439] [seedgame] [info] [Game] player 0: score 17
[2022-12-01 04:11:09.439] [seedgame] [info] [Game] player 1: score 43
[2022-12-01 04:11:09.441] [seedcup2022] [info] fd 7 write 13871 bytes data.
[2022-12-01 04:11:09.441] [seedcup2022] [info] fd 9 write 13871 bytes data.
[2022-12-01 04:11:09.442] [seedcup2022] [info] fd 7 recv 192 bytes, content: {"data":[{"actionParam":{"turnAroundDirec":0},"actionType":2,"characterID":0},{"actionParam":null,"actionType":1,"characterID":0},{"actionParam":null,"actionType":5,"characterID":0}],"type":2}
[2022-12-01 04:11:09.442] [seedgame] [debug] [Game] player 0, action: TURN_AROUD, objid 0, data 0
[2022-12-01 04:11:09.442] [seedgame] [error] [Game] player 0, action: TURN_AROUD, objid 0, data 0 error: CHARACTER_DEAD
[2022-12-01 04:11:09.442] [seedgame] [debug] [Game] player 0, action: MOVE, objid 0, data -1
[2022-12-01 04:11:09.442] [seedgame] [error] [Game] player 0, action: MOVE, objid 0, data -1 error: CHARACTER_DEAD
[2022-12-01 04:11:09.442] [seedgame] [debug] [Game] player 0, action: MASTER_WEAPON, objid 0, data -1
[2022-12-01 04:11:09.442] [seedgame] [error] [Game] player 0, action: MASTER_WEAPON, objid 0, data -1 error: CHARACTER_DEAD
[2022-12-01 04:11:09.637] [seedcup2022] [info] timer 5 ticks
[2022-12-01 04:11:09.637] [seedgame] [debug] [Game] refresh: frame 35
[2022-12-01 04:11:09.637] [seedgame] [info] [Game] player 0: score 17
[2022-12-01 04:11:09.637] [seedgame] [info] [Game] player 1: score 43
[2022-12-01 04:11:09.639] [seedgame] [info] [Game] player 0: score 17
[2022-12-01 04:11:09.639] [seedgame] [info] [Game] player 1: score 43
[2022-12-01 04:11:09.641] [seedcup2022] [info] fd 7 write 13871 bytes data.
[2022-12-01 04:11:09.641] [seedcup2022] [info] fd 9 write 13871 bytes data.
[2022-12-01 04:11:09.642] [seedcup2022] [info] fd 7 recv 192 bytes, content: {"data":[{"actionParam":{"turnAroundDirec":0},"actionType":2,"characterID":0},{"actionParam":null,"actionType":1,"characterID":0},{"actionParam":null,"actionType":5,"characterID":0}],"type":2}
[2022-12-01 04:11:09.642] [seedgame] [debug] [Game] player 0, action: TURN_AROUD, objid 0, data 0
[2022-12-01 04:11:09.642] [seedgame] [error] [Game] player 0, action: TURN_AROUD, objid 0, data 0 error: CHARACTER_DEAD
[2022-12-01 04:11:09.642] [seedgame] [debug] [Game] player 0, action: MOVE, objid 0, data -1
[2022-12-01 04:11:09.642] [seedgame] [error] [Game] player 0, action: MOVE, objid 0, data -1 error: CHARACTER_DEAD
[2022-12-01 04:11:09.642] [seedgame] [debug] [Game] player 0, action: MASTER_WEAPON, objid 0, data -1
[2022-12-01 04:11:09.642] [seedgame] [error] [Game] player 0, action: MASTER_WEAPON, objid 0, data -1 error: CHARACTER_DEAD
[2022-12-01 04:11:09.837] [seedcup2022] [info] timer 5 ticks
[2022-12-01 04:11:09.837] [seedgame] [debug] [Game] refresh: frame 36
[2022-12-01 04:11:09.837] [seedgame] [info] [Game] player 0: score 17
[2022-12-01 04:11:09.837] [seedgame] [info] [Game] player 1: score 43
[2022-12-01 04:11:09.839] [seedgame] [info] [Game] player 0: score 17
[2022-12-01 04:11:09.839] [seedgame] [info] [Game] player 1: score 43
[2022-12-01 04:11:09.841] [seedcup2022] [info] fd 7 write 13871 bytes data.
[2022-12-01 04:11:09.841] [seedcup2022] [info] fd 9 write 13871 bytes data.
[2022-12-01 04:11:09.865] [seedcup2022] [info] fd 9 recv 77 bytes, content: {"type": 2, "data": [{"characterID": 0, "actionType": 1, "actionParam": {}}]}
[2022-12-01 04:11:09.865] [seedgame] [debug] [Game] player 1, action: MOVE, objid 1, data -1
[2022-12-01 04:11:09.865] [seedcup2022] [info] fd 9 recv 153 bytes, content: {"type": 2, "data": [{"characterID": 0, "actionType": 2, "actionParam": {"turnAroundDirec": 2}}, {"characterID": 0, "actionType": 5, "actionParam": {}}]}
[2022-12-01 04:11:09.865] [seedgame] [debug] [Game] player 1, action: TURN_AROUD, objid 1, data 2
[2022-12-01 04:11:09.865] [seedgame] [debug] [Game] player 1, action: MASTER_WEAPON, objid 1, data -1
[2022-12-01 04:11:09.865] [seedgame] [debug] [Map] player 1 attack block: [8, -9]
[2022-12-01 04:11:09.865] [seedgame] [debug] [Map] player 1 attack block: [7, -9]
[2022-12-01 04:11:09.866] [seedgame] [debug] [Map] player 1 attack block: [9, -10]
[2022-12-01 04:11:09.866] [seedgame] [debug] [Map] player 1 attack block: [8, -10]
[2022-12-01 04:11:09.866] [seedgame] [debug] [Map] player 1 attack block: [7, -10]
[2022-12-01 04:11:09.866] [seedgame] [debug] [Map] player 1 attack block: [9, -11]
[2022-12-01 04:11:09.866] [seedgame] [debug] [Map] player 1 attack block: [8, -11]
[2022-12-01 04:11:09.884] [seedcup2022] [info] fd 7 recv 192 bytes, content: {"data":[{"actionParam":{"turnAroundDirec":0},"actionType":2,"characterID":0},{"actionParam":null,"actionType":1,"characterID":0},{"actionParam":null,"actionType":5,"characterID":0}],"type":2}
[2022-12-01 04:11:09.884] [seedgame] [debug] [Game] player 0, action: TURN_AROUD, objid 0, data 0
[2022-12-01 04:11:09.884] [seedgame] [error] [Game] player 0, action: TURN_AROUD, objid 0, data 0 error: CHARACTER_DEAD
[2022-12-01 04:11:09.884] [seedgame] [debug] [Game] player 0, action: MOVE, objid 0, data -1
[2022-12-01 04:11:09.884] [seedgame] [error] [Game] player 0, action: MOVE, objid 0, data -1 error: CHARACTER_DEAD
[2022-12-01 04:11:09.884] [seedgame] [debug] [Game] player 0, action: MASTER_WEAPON, objid 0, data -1
[2022-12-01 04:11:09.884] [seedgame] [error] [Game] player 0, action: MASTER_WEAPON, objid 0, data -1 error: CHARACTER_DEAD
[2022-12-01 04:11:10.037] [seedcup2022] [info] timer 5 ticks
[2022-12-01 04:11:10.037] [seedgame] [debug] [Game] refresh: frame 37
[2022-12-01 04:11:10.037] [seedgame] [info] [Game] player 0: score 16
[2022-12-01 04:11:10.037] [seedgame] [info] [Game] player 1: score 49
[2022-12-01 04:11:10.039] [seedgame] [info] [Game] player 0: score 16
[2022-12-01 04:11:10.039] [seedgame] [info] [Game] player 1: score 49
[2022-12-01 04:11:10.041] [seedcup2022] [info] fd 9 write 13871 bytes data.
[2022-12-01 04:11:10.041] [seedcup2022] [info] fd 7 write 13871 bytes data.
[2022-12-01 04:11:10.042] [seedcup2022] [info] fd 7 recv 192 bytes, content: {"data":[{"actionParam":{"turnAroundDirec":0},"actionType":2,"characterID":0},{"actionParam":null,"actionType":1,"characterID":0},{"actionParam":null,"actionType":5,"characterID":0}],"type":2}
[2022-12-01 04:11:10.042] [seedgame] [debug] [Game] player 0, action: TURN_AROUD, objid 0, data 0
[2022-12-01 04:11:10.042] [seedgame] [error] [Game] player 0, action: TURN_AROUD, objid 0, data 0 error: CHARACTER_DEAD
[2022-12-01 04:11:10.042] [seedgame] [debug] [Game] player 0, action: MOVE, objid 0, data -1
[2022-12-01 04:11:10.042] [seedgame] [error] [Game] player 0, action: MOVE, objid 0, data -1 error: CHARACTER_DEAD
[2022-12-01 04:11:10.042] [seedgame] [debug] [Game] player 0, action: MASTER_WEAPON, objid 0, data -1
[2022-12-01 04:11:10.042] [seedgame] [error] [Game] player 0, action: MASTER_WEAPON, objid 0, data -1 error: CHARACTER_DEAD
[2022-12-01 04:11:10.237] [seedcup2022] [info] timer 5 ticks
[2022-12-01 04:11:10.237] [seedgame] [debug] [Game] refresh: frame 38
[2022-12-01 04:11:10.237] [seedgame] [info] [Game] player 0: score 16
[2022-12-01 04:11:10.237] [seedgame] [info] [Game] player 1: score 49
[2022-12-01 04:11:10.239] [seedgame] [info] [Game] player 0: score 16
[2022-12-01 04:11:10.239] [seedgame] [info] [Game] player 1: score 49
[2022-12-01 04:11:10.240] [seedcup2022] [info] fd 7 write 13871 bytes data.
[2022-12-01 04:11:10.240] [seedcup2022] [info] fd 9 write 13871 bytes data.
[2022-12-01 04:11:10.242] [seedcup2022] [info] fd 7 recv 192 bytes, content: {"data":[{"actionParam":{"turnAroundDirec":0},"actionType":2,"characterID":0},{"actionParam":null,"actionType":1,"characterID":0},{"actionParam":null,"actionType":5,"characterID":0}],"type":2}
[2022-12-01 04:11:10.242] [seedgame] [debug] [Game] player 0, action: TURN_AROUD, objid 0, data 0
[2022-12-01 04:11:10.242] [seedgame] [error] [Game] player 0, action: TURN_AROUD, objid 0, data 0 error: CHARACTER_DEAD
[2022-12-01 04:11:10.242] [seedgame] [debug] [Game] player 0, action: MOVE, objid 0, data -1
[2022-12-01 04:11:10.242] [seedgame] [error] [Game] player 0, action: MOVE, objid 0, data -1 error: CHARACTER_DEAD
[2022-12-01 04:11:10.242] [seedgame] [debug] [Game] player 0, action: MASTER_WEAPON, objid 0, data -1
[2022-12-01 04:11:10.242] [seedgame] [error] [Game] player 0, action: MASTER_WEAPON, objid 0, data -1 error: CHARACTER_DEAD
[2022-12-01 04:11:10.437] [seedcup2022] [info] timer 5 ticks
[2022-12-01 04:11:10.437] [seedgame] [debug] [Game] refresh: frame 39
[2022-12-01 04:11:10.437] [seedgame] [info] [Game] player 0: score 16
[2022-12-01 04:11:10.437] [seedgame] [info] [Game] player 1: score 49
[2022-12-01 04:11:10.439] [seedgame] [info] [Game] player 0: score 16
[2022-12-01 04:11:10.439] [seedgame] [info] [Game] player 1: score 49
[2022-12-01 04:11:10.441] [seedcup2022] [info] fd 9 write 13871 bytes data.
[2022-12-01 04:11:10.441] [seedcup2022] [info] fd 7 write 13871 bytes data.
[2022-12-01 04:11:10.484] [seedcup2022] [info] fd 7 recv 192 bytes, content: {"data":[{"actionParam":{"turnAroundDirec":0},"actionType":2,"characterID":0},{"actionParam":null,"actionType":1,"characterID":0},{"actionParam":null,"actionType":5,"characterID":0}],"type":2}
[2022-12-01 04:11:10.484] [seedgame] [debug] [Game] player 0, action: TURN_AROUD, objid 0, data 0
[2022-12-01 04:11:10.484] [seedgame] [error] [Game] player 0, action: TURN_AROUD, objid 0, data 0 error: CHARACTER_DEAD
[2022-12-01 04:11:10.484] [seedgame] [debug] [Game] player 0, action: MOVE, objid 0, data -1
[2022-12-01 04:11:10.484] [seedgame] [error] [Game] player 0, action: MOVE, objid 0, data -1 error: CHARACTER_DEAD
[2022-12-01 04:11:10.484] [seedgame] [debug] [Game] player 0, action: MASTER_WEAPON, objid 0, data -1
[2022-12-01 04:11:10.484] [seedgame] [error] [Game] player 0, action: MASTER_WEAPON, objid 0, data -1 error: CHARACTER_DEAD
[2022-12-01 04:11:10.637] [seedcup2022] [info] timer 5 ticks
[2022-12-01 04:11:10.637] [seedgame] [debug] [Game] refresh: frame 40
[2022-12-01 04:11:10.637] [seedgame] [info] [Game] player 0: score 16
[2022-12-01 04:11:10.637] [seedgame] [info] [Game] player 1: score 49
[2022-12-01 04:11:10.639] [seedgame] [info] [Game] player 0: score 16
[2022-12-01 04:11:10.639] [seedgame] [info] [Game] player 1: score 49
[2022-12-01 04:11:10.641] [seedcup2022] [info] fd 7 write 13871 bytes data.
[2022-12-01 04:11:10.641] [seedcup2022] [info] fd 9 write 13871 bytes data.
[2022-12-01 04:11:10.642] [seedcup2022] [info] fd 7 recv 192 bytes, content: {"data":[{"actionParam":{"turnAroundDirec":0},"actionType":2,"characterID":0},{"actionParam":null,"actionType":1,"characterID":0},{"actionParam":null,"actionType":5,"characterID":0}],"type":2}
[2022-12-01 04:11:10.642] [seedgame] [debug] [Game] player 0, action: TURN_AROUD, objid 0, data 0
[2022-12-01 04:11:10.642] [seedgame] [error] [Game] player 0, action: TURN_AROUD, objid 0, data 0 error: CHARACTER_DEAD
[2022-12-01 04:11:10.642] [seedgame] [debug] [Game] player 0, action: MOVE, objid 0, data -1
[2022-12-01 04:11:10.642] [seedgame] [error] [Game] player 0, action: MOVE, objid 0, data -1 error: CHARACTER_DEAD
[2022-12-01 04:11:10.642] [seedgame] [debug] [Game] player 0, action: MASTER_WEAPON, objid 0, data -1
[2022-12-01 04:11:10.642] [seedgame] [error] [Game] player 0, action: MASTER_WEAPON, objid 0, data -1 error: CHARACTER_DEAD
[2022-12-01 04:11:10.664] [seedcup2022] [info] fd 9 recv 153 bytes, content: {"type": 2, "data": [{"characterID": 0, "actionType": 2, "actionParam": {"turnAroundDirec": 3}}, {"characterID": 0, "actionType": 1, "actionParam": {}}]}
[2022-12-01 04:11:10.664] [seedgame] [debug] [Game] player 1, action: TURN_AROUD, objid 1, data 3
[2022-12-01 04:11:10.664] [seedgame] [debug] [Game] player 1, action: MOVE, objid 1, data -1
[2022-12-01 04:11:10.837] [seedcup2022] [info] timer 5 ticks
[2022-12-01 04:11:10.837] [seedgame] [debug] [Game] refresh: frame 41
[2022-12-01 04:11:10.837] [seedgame] [info] [Game] player 0: score 16
[2022-12-01 04:11:10.837] [seedgame] [info] [Game] player 1: score 49
[2022-12-01 04:11:10.839] [seedgame] [info] [Game] player 0: score 16
[2022-12-01 04:11:10.839] [seedgame] [info] [Game] player 1: score 49
[2022-12-01 04:11:10.841] [seedcup2022] [info] fd 7 write 13869 bytes data.
[2022-12-01 04:11:10.841] [seedcup2022] [info] fd 9 write 13870 bytes data.
[2022-12-01 04:11:10.842] [seedcup2022] [info] fd 7 recv 192 bytes, content: {"data":[{"actionParam":{"turnAroundDirec":0},"actionType":2,"characterID":0},{"actionParam":null,"actionType":1,"characterID":0},{"actionParam":null,"actionType":5,"characterID":0}],"type":2}
[2022-12-01 04:11:10.842] [seedgame] [debug] [Game] player 0, action: TURN_AROUD, objid 0, data 0
[2022-12-01 04:11:10.842] [seedgame] [error] [Game] player 0, action: TURN_AROUD, objid 0, data 0 error: CHARACTER_DEAD
[2022-12-01 04:11:10.842] [seedgame] [debug] [Game] player 0, action: MOVE, objid 0, data -1
[2022-12-01 04:11:10.842] [seedgame] [error] [Game] player 0, action: MOVE, objid 0, data -1 error: CHARACTER_DEAD
[2022-12-01 04:11:10.842] [seedgame] [debug] [Game] player 0, action: MASTER_WEAPON, objid 0, data -1
[2022-12-01 04:11:10.842] [seedgame] [error] [Game] player 0, action: MASTER_WEAPON, objid 0, data -1 error: CHARACTER_DEAD
[2022-12-01 04:11:10.902] [seedcup2022] [info] fd 9 recv 77 bytes, content: {"type": 2, "data": [{"characterID": 0, "actionType": 5, "actionParam": {}}]}
[2022-12-01 04:11:10.902] [seedgame] [debug] [Game] player 1, action: MASTER_WEAPON, objid 1, data -1
[2022-12-01 04:11:10.902] [seedgame] [debug] [Map] player 1 attack block: [10, -10]
[2022-12-01 04:11:10.902] [seedgame] [debug] [Map] player 1 attack block: [10, -11]
[2022-12-01 04:11:10.902] [seedgame] [debug] [Map] player 1 attack block: [11, -10]
[2022-12-01 04:11:10.902] [seedgame] [debug] [Map] player 1 attack block: [11, -11]
[2022-12-01 04:11:10.902] [seedgame] [debug] [Map] player 1 attack block: [11, -12]
[2022-12-01 04:11:10.902] [seedgame] [debug] [Map] player 1 attack block: [12, -11]
[2022-12-01 04:11:10.902] [seedgame] [debug] [Map] player 1 attack block: [12, -12]
[2022-12-01 04:11:11.037] [seedcup2022] [info] timer 5 ticks
[2022-12-01 04:11:11.037] [seedgame] [debug] [Game] refresh: frame 42
[2022-12-01 04:11:11.037] [seedgame] [info] [Game] player 0: score 16
[2022-12-01 04:11:11.037] [seedgame] [info] [Game] player 1: score 56
[2022-12-01 04:11:11.039] [seedgame] [info] [Game] player 0: score 16
[2022-12-01 04:11:11.039] [seedgame] [info] [Game] player 1: score 56
[2022-12-01 04:11:11.041] [seedcup2022] [info] fd 7 write 13868 bytes data.
[2022-12-01 04:11:11.041] [seedcup2022] [info] fd 9 write 13868 bytes data.
[2022-12-01 04:11:11.084] [seedcup2022] [info] fd 7 recv 192 bytes, content: {"data":[{"actionParam":{"turnAroundDirec":5},"actionType":2,"characterID":0},{"actionParam":null,"actionType":1,"characterID":0},{"actionParam":null,"actionType":5,"characterID":0}],"type":2}
[2022-12-01 04:11:11.084] [seedgame] [debug] [Game] player 0, action: TURN_AROUD, objid 0, data 5
[2022-12-01 04:11:11.084] [seedgame] [error] [Game] player 0, action: TURN_AROUD, objid 0, data 5 error: CHARACTER_DEAD
[2022-12-01 04:11:11.084] [seedgame] [debug] [Game] player 0, action: MOVE, objid 0, data -1
[2022-12-01 04:11:11.084] [seedgame] [error] [Game] player 0, action: MOVE, objid 0, data -1 error: CHARACTER_DEAD
[2022-12-01 04:11:11.084] [seedgame] [debug] [Game] player 0, action: MASTER_WEAPON, objid 0, data -1
[2022-12-01 04:11:11.084] [seedgame] [error] [Game] player 0, action: MASTER_WEAPON, objid 0, data -1 error: CHARACTER_DEAD
[2022-12-01 04:11:11.237] [seedcup2022] [info] timer 5 ticks
[2022-12-01 04:11:11.237] [seedgame] [debug] [Game] refresh: frame 43
[2022-12-01 04:11:11.237] [seedgame] [info] [Game] player 0: score 16
[2022-12-01 04:11:11.237] [seedgame] [info] [Game] player 1: score 56
[2022-12-01 04:11:11.239] [seedgame] [info] [Game] player 0: score 16
[2022-12-01 04:11:11.239] [seedgame] [info] [Game] player 1: score 56
[2022-12-01 04:11:11.241] [seedcup2022] [info] fd 7 write 13868 bytes data.
[2022-12-01 04:11:11.241] [seedcup2022] [info] fd 9 write 13868 bytes data.
[2022-12-01 04:11:11.242] [seedcup2022] [info] fd 7 recv 192 bytes, content: {"data":[{"actionParam":{"turnAroundDirec":0},"actionType":2,"characterID":0},{"actionParam":null,"actionType":1,"characterID":0},{"actionParam":null,"actionType":5,"characterID":0}],"type":2}
[2022-12-01 04:11:11.242] [seedgame] [debug] [Game] player 0, action: TURN_AROUD, objid 0, data 0
[2022-12-01 04:11:11.242] [seedgame] [error] [Game] player 0, action: TURN_AROUD, objid 0, data 0 error: CHARACTER_DEAD
[2022-12-01 04:11:11.242] [seedgame] [debug] [Game] player 0, action: MOVE, objid 0, data -1
[2022-12-01 04:11:11.242] [seedgame] [error] [Game] player 0, action: MOVE, objid 0, data -1 error: CHARACTER_DEAD
[2022-12-01 04:11:11.242] [seedgame] [debug] [Game] player 0, action: MASTER_WEAPON, objid 0, data -1
[2022-12-01 04:11:11.242] [seedgame] [error] [Game] player 0, action: MASTER_WEAPON, objid 0, data -1 error: CHARACTER_DEAD
[2022-12-01 04:11:11.437] [seedcup2022] [info] timer 5 ticks
[2022-12-01 04:11:11.437] [seedgame] [debug] [Game] refresh: frame 44
[2022-12-01 04:11:11.437] [seedgame] [info] [Game] player 0: score 16
[2022-12-01 04:11:11.437] [seedgame] [info] [Game] player 1: score 56
[2022-12-01 04:11:11.439] [seedgame] [info] [Game] player 0: score 16
[2022-12-01 04:11:11.439] [seedgame] [info] [Game] player 1: score 56
[2022-12-01 04:11:11.441] [seedcup2022] [info] fd 9 write 13868 bytes data.
[2022-12-01 04:11:11.441] [seedcup2022] [info] fd 7 write 13868 bytes data.
[2022-12-01 04:11:11.442] [seedcup2022] [info] fd 7 recv 192 bytes, content: {"data":[{"actionParam":{"turnAroundDirec":0},"actionType":2,"characterID":0},{"actionParam":null,"actionType":1,"characterID":0},{"actionParam":null,"actionType":5,"characterID":0}],"type":2}
[2022-12-01 04:11:11.442] [seedgame] [debug] [Game] player 0, action: TURN_AROUD, objid 0, data 0
[2022-12-01 04:11:11.442] [seedgame] [error] [Game] player 0, action: TURN_AROUD, objid 0, data 0 error: CHARACTER_DEAD
[2022-12-01 04:11:11.442] [seedgame] [debug] [Game] player 0, action: MOVE, objid 0, data -1
[2022-12-01 04:11:11.442] [seedgame] [error] [Game] player 0, action: MOVE, objid 0, data -1 error: CHARACTER_DEAD
[2022-12-01 04:11:11.442] [seedgame] [debug] [Game] player 0, action: MASTER_WEAPON, objid 0, data -1
[2022-12-01 04:11:11.442] [seedgame] [error] [Game] player 0, action: MASTER_WEAPON, objid 0, data -1 error: CHARACTER_DEAD
[2022-12-01 04:11:11.463] [seedcup2022] [info] fd 9 recv 77 bytes, content: {"type": 2, "data": [{"characterID": 0, "actionType": 1, "actionParam": {}}]}
[2022-12-01 04:11:11.463] [seedgame] [debug] [Game] player 1, action: MOVE, objid 1, data -1
